{"/Users/giancarlosanchez/dappify/marketplace-ui/src/App.js": {"path":"/Users/giancarlosanchez/dappify/marketplace-ui/src/App.js","statementMap":{"0":{"start":{"line":8,"column":12},"end":{"line":20,"column":1}},"1":{"start":{"line":9,"column":28},"end":{"line":9,"column":54}},"2":{"start":{"line":10,"column":16},"end":{"line":10,"column":49}},"3":{"start":{"line":12,"column":19},"end":{"line":12,"column":37}},"4":{"start":{"line":13,"column":2},"end":{"line":13,"column":62}},"5":{"start":{"line":15,"column":2},"end":{"line":19,"column":3}}},"fnMap":{"0":{"name":"(anonymous_0)","decl":{"start":{"line":8,"column":12},"end":{"line":8,"column":13}},"loc":{"start":{"line":8,"column":18},"end":{"line":20,"column":1}},"line":8}},"branchMap":{"0":{"loc":{"start":{"line":13,"column":34},"end":{"line":13,"column":61}},"type":"binary-expr","locations":[{"start":{"line":13,"column":34},"end":{"line":13,"column":55}},{"start":{"line":13,"column":59},"end":{"line":13,"column":61}}],"line":13}},"s":{"0":0,"1":0,"2":0,"3":0,"4":0,"5":0},"f":{"0":0},"b":{"0":[0,0]}}
,"/Users/giancarlosanchez/dappify/marketplace-ui/src/Routes.js": {"path":"/Users/giancarlosanchez/dappify/marketplace-ui/src/Routes.js","statementMap":{"0":{"start":{"line":24,"column":25},"end":{"line":27,"column":1}},"1":{"start":{"line":25,"column":2},"end":{"line":25,"column":52}},"2":{"start":{"line":25,"column":18},"end":{"line":25,"column":39}},"3":{"start":{"line":26,"column":2},"end":{"line":26,"column":17}},"4":{"start":{"line":29,"column":15},"end":{"line":75,"column":1}},"5":{"start":{"line":30,"column":16},"end":{"line":30,"column":32}},"6":{"start":{"line":31,"column":30},"end":{"line":31,"column":56}},"7":{"start":{"line":33,"column":23},"end":{"line":37,"column":3}},"8":{"start":{"line":34,"column":21},"end":{"line":34,"column":34}},"9":{"start":{"line":35,"column":4},"end":{"line":35,"column":77}},"10":{"start":{"line":35,"column":26},"end":{"line":35,"column":77}},"11":{"start":{"line":36,"column":4},"end":{"line":36,"column":30}},"12":{"start":{"line":39,"column":2},"end":{"line":74,"column":3}}},"fnMap":{"0":{"name":"(anonymous_0)","decl":{"start":{"line":24,"column":25},"end":{"line":24,"column":26}},"loc":{"start":{"line":24,"column":53},"end":{"line":27,"column":1}},"line":24},"1":{"name":"(anonymous_1)","decl":{"start":{"line":25,"column":12},"end":{"line":25,"column":13}},"loc":{"start":{"line":25,"column":18},"end":{"line":25,"column":39}},"line":25},"2":{"name":"(anonymous_2)","decl":{"start":{"line":29,"column":15},"end":{"line":29,"column":16}},"loc":{"start":{"line":29,"column":21},"end":{"line":75,"column":1}},"line":29},"3":{"name":"(anonymous_3)","decl":{"start":{"line":33,"column":23},"end":{"line":33,"column":24}},"loc":{"start":{"line":33,"column":56},"end":{"line":37,"column":3}},"line":33}},"branchMap":{"0":{"loc":{"start":{"line":35,"column":4},"end":{"line":35,"column":77}},"type":"if","locations":[{"start":{"line":35,"column":4},"end":{"line":35,"column":77}},{"start":{},"end":{}}],"line":35}},"s":{"0":0,"1":0,"2":0,"3":0,"4":0,"5":0,"6":0,"7":0,"8":0,"9":0,"10":0,"11":0,"12":0},"f":{"0":0,"1":0,"2":0,"3":0},"b":{"0":[0,0]}}
,"/Users/giancarlosanchez/dappify/marketplace-ui/src/constant.js": {"path":"/Users/giancarlosanchez/dappify/marketplace-ui/src/constant.js","statementMap":{"0":{"start":{"line":1,"column":18},"end":{"line":7,"column":1}}},"fnMap":{},"branchMap":{},"s":{"0":0},"f":{},"b":{}}
,"/Users/giancarlosanchez/dappify/marketplace-ui/src/index.js": {"path":"/Users/giancarlosanchez/dappify/marketplace-ui/src/index.js","statementMap":{"0":{"start":{"line":19,"column":0},"end":{"line":19,"column":48}},"1":{"start":{"line":20,"column":0},"end":{"line":20,"column":68}},"2":{"start":{"line":22,"column":13},"end":{"line":22,"column":65}},"3":{"start":{"line":23,"column":0},"end":{"line":36,"column":1}},"4":{"start":{"line":40,"column":0},"end":{"line":40,"column":26}}},"fnMap":{},"branchMap":{},"s":{"0":0,"1":0,"2":0,"3":0,"4":0},"f":{},"b":{}}
,"/Users/giancarlosanchez/dappify/marketplace-ui/src/serviceWorker.js": {"path":"/Users/giancarlosanchez/dappify/marketplace-ui/src/serviceWorker.js","statementMap":{"0":{"start":{"line":13,"column":20},"end":{"line":21,"column":1}},"1":{"start":{"line":24,"column":2},"end":{"line":54,"column":3}},"2":{"start":{"line":26,"column":22},"end":{"line":26,"column":75}},"3":{"start":{"line":27,"column":4},"end":{"line":32,"column":5}},"4":{"start":{"line":31,"column":6},"end":{"line":31,"column":12}},"5":{"start":{"line":34,"column":4},"end":{"line":53,"column":6}},"6":{"start":{"line":35,"column":20},"end":{"line":35,"column":65}},"7":{"start":{"line":37,"column":6},"end":{"line":52,"column":7}},"8":{"start":{"line":39,"column":8},"end":{"line":39,"column":46}},"9":{"start":{"line":43,"column":8},"end":{"line":48,"column":10}},"10":{"start":{"line":44,"column":10},"end":{"line":47,"column":11}},"11":{"start":{"line":51,"column":8},"end":{"line":51,"column":38}},"12":{"start":{"line":58,"column":2},"end":{"line":98,"column":6}},"13":{"start":{"line":61,"column":6},"end":{"line":94,"column":7}},"14":{"start":{"line":62,"column":33},"end":{"line":62,"column":56}},"15":{"start":{"line":63,"column":8},"end":{"line":65,"column":9}},"16":{"start":{"line":64,"column":10},"end":{"line":64,"column":16}},"17":{"start":{"line":66,"column":8},"end":{"line":93,"column":9}},"18":{"start":{"line":67,"column":10},"end":{"line":92,"column":11}},"19":{"start":{"line":68,"column":12},"end":{"line":91,"column":13}},"20":{"start":{"line":72,"column":14},"end":{"line":75,"column":15}},"21":{"start":{"line":78,"column":14},"end":{"line":80,"column":15}},"22":{"start":{"line":79,"column":16},"end":{"line":79,"column":45}},"23":{"start":{"line":85,"column":14},"end":{"line":85,"column":63}},"24":{"start":{"line":88,"column":14},"end":{"line":90,"column":15}},"25":{"start":{"line":89,"column":16},"end":{"line":89,"column":46}},"26":{"start":{"line":97,"column":6},"end":{"line":97,"column":71}},"27":{"start":{"line":103,"column":2},"end":{"line":126,"column":6}},"28":{"start":{"line":106,"column":26},"end":{"line":106,"column":62}},"29":{"start":{"line":107,"column":6},"end":{"line":120,"column":7}},"30":{"start":{"line":112,"column":8},"end":{"line":116,"column":10}},"31":{"start":{"line":113,"column":10},"end":{"line":115,"column":12}},"32":{"start":{"line":114,"column":12},"end":{"line":114,"column":36}},"33":{"start":{"line":119,"column":8},"end":{"line":119,"column":38}},"34":{"start":{"line":123,"column":6},"end":{"line":125,"column":7}},"35":{"start":{"line":130,"column":2},"end":{"line":134,"column":3}},"36":{"start":{"line":131,"column":4},"end":{"line":133,"column":6}},"37":{"start":{"line":132,"column":6},"end":{"line":132,"column":31}}},"fnMap":{"0":{"name":"register","decl":{"start":{"line":23,"column":16},"end":{"line":23,"column":24}},"loc":{"start":{"line":23,"column":33},"end":{"line":55,"column":1}},"line":23},"1":{"name":"(anonymous_1)","decl":{"start":{"line":34,"column":36},"end":{"line":34,"column":37}},"loc":{"start":{"line":34,"column":42},"end":{"line":53,"column":5}},"line":34},"2":{"name":"(anonymous_2)","decl":{"start":{"line":43,"column":43},"end":{"line":43,"column":44}},"loc":{"start":{"line":43,"column":49},"end":{"line":48,"column":9}},"line":43},"3":{"name":"registerValidSW","decl":{"start":{"line":57,"column":9},"end":{"line":57,"column":24}},"loc":{"start":{"line":57,"column":40},"end":{"line":99,"column":1}},"line":57},"4":{"name":"(anonymous_4)","decl":{"start":{"line":60,"column":10},"end":{"line":60,"column":11}},"loc":{"start":{"line":60,"column":28},"end":{"line":95,"column":5}},"line":60},"5":{"name":"(anonymous_5)","decl":{"start":{"line":61,"column":35},"end":{"line":61,"column":36}},"loc":{"start":{"line":61,"column":41},"end":{"line":94,"column":7}},"line":61},"6":{"name":"(anonymous_6)","decl":{"start":{"line":66,"column":41},"end":{"line":66,"column":42}},"loc":{"start":{"line":66,"column":47},"end":{"line":93,"column":9}},"line":66},"7":{"name":"(anonymous_7)","decl":{"start":{"line":96,"column":11},"end":{"line":96,"column":12}},"loc":{"start":{"line":96,"column":22},"end":{"line":98,"column":5}},"line":96},"8":{"name":"checkValidServiceWorker","decl":{"start":{"line":101,"column":9},"end":{"line":101,"column":32}},"loc":{"start":{"line":101,"column":48},"end":{"line":127,"column":1}},"line":101},"9":{"name":"(anonymous_9)","decl":{"start":{"line":104,"column":10},"end":{"line":104,"column":11}},"loc":{"start":{"line":104,"column":24},"end":{"line":121,"column":5}},"line":104},"10":{"name":"(anonymous_10)","decl":{"start":{"line":112,"column":43},"end":{"line":112,"column":44}},"loc":{"start":{"line":112,"column":61},"end":{"line":116,"column":9}},"line":112},"11":{"name":"(anonymous_11)","decl":{"start":{"line":113,"column":41},"end":{"line":113,"column":42}},"loc":{"start":{"line":113,"column":47},"end":{"line":115,"column":11}},"line":113},"12":{"name":"(anonymous_12)","decl":{"start":{"line":122,"column":11},"end":{"line":122,"column":12}},"loc":{"start":{"line":122,"column":17},"end":{"line":126,"column":5}},"line":122},"13":{"name":"unregister","decl":{"start":{"line":129,"column":16},"end":{"line":129,"column":26}},"loc":{"start":{"line":129,"column":29},"end":{"line":135,"column":1}},"line":129},"14":{"name":"(anonymous_14)","decl":{"start":{"line":131,"column":39},"end":{"line":131,"column":40}},"loc":{"start":{"line":131,"column":57},"end":{"line":133,"column":5}},"line":131}},"branchMap":{"0":{"loc":{"start":{"line":14,"column":2},"end":{"line":20,"column":5}},"type":"binary-expr","locations":[{"start":{"line":14,"column":2},"end":{"line":14,"column":42}},{"start":{"line":16,"column":4},"end":{"line":16,"column":40}},{"start":{"line":18,"column":4},"end":{"line":20,"column":5}}],"line":14},"1":{"loc":{"start":{"line":24,"column":2},"end":{"line":54,"column":3}},"type":"if","locations":[{"start":{"line":24,"column":2},"end":{"line":54,"column":3}},{"start":{},"end":{}}],"line":24},"2":{"loc":{"start":{"line":24,"column":6},"end":{"line":24,"column":75}},"type":"binary-expr","locations":[{"start":{"line":24,"column":6},"end":{"line":24,"column":43}},{"start":{"line":24,"column":47},"end":{"line":24,"column":75}}],"line":24},"3":{"loc":{"start":{"line":27,"column":4},"end":{"line":32,"column":5}},"type":"if","locations":[{"start":{"line":27,"column":4},"end":{"line":32,"column":5}},{"start":{},"end":{}}],"line":27},"4":{"loc":{"start":{"line":37,"column":6},"end":{"line":52,"column":7}},"type":"if","locations":[{"start":{"line":37,"column":6},"end":{"line":52,"column":7}},{"start":{"line":49,"column":13},"end":{"line":52,"column":7}}],"line":37},"5":{"loc":{"start":{"line":63,"column":8},"end":{"line":65,"column":9}},"type":"if","locations":[{"start":{"line":63,"column":8},"end":{"line":65,"column":9}},{"start":{},"end":{}}],"line":63},"6":{"loc":{"start":{"line":67,"column":10},"end":{"line":92,"column":11}},"type":"if","locations":[{"start":{"line":67,"column":10},"end":{"line":92,"column":11}},{"start":{},"end":{}}],"line":67},"7":{"loc":{"start":{"line":68,"column":12},"end":{"line":91,"column":13}},"type":"if","locations":[{"start":{"line":68,"column":12},"end":{"line":91,"column":13}},{"start":{"line":81,"column":19},"end":{"line":91,"column":13}}],"line":68},"8":{"loc":{"start":{"line":78,"column":14},"end":{"line":80,"column":15}},"type":"if","locations":[{"start":{"line":78,"column":14},"end":{"line":80,"column":15}},{"start":{},"end":{}}],"line":78},"9":{"loc":{"start":{"line":78,"column":18},"end":{"line":78,"column":43}},"type":"binary-expr","locations":[{"start":{"line":78,"column":18},"end":{"line":78,"column":24}},{"start":{"line":78,"column":28},"end":{"line":78,"column":43}}],"line":78},"10":{"loc":{"start":{"line":88,"column":14},"end":{"line":90,"column":15}},"type":"if","locations":[{"start":{"line":88,"column":14},"end":{"line":90,"column":15}},{"start":{},"end":{}}],"line":88},"11":{"loc":{"start":{"line":88,"column":18},"end":{"line":88,"column":44}},"type":"binary-expr","locations":[{"start":{"line":88,"column":18},"end":{"line":88,"column":24}},{"start":{"line":88,"column":28},"end":{"line":88,"column":44}}],"line":88},"12":{"loc":{"start":{"line":107,"column":6},"end":{"line":120,"column":7}},"type":"if","locations":[{"start":{"line":107,"column":6},"end":{"line":120,"column":7}},{"start":{"line":117,"column":13},"end":{"line":120,"column":7}}],"line":107},"13":{"loc":{"start":{"line":108,"column":8},"end":{"line":109,"column":73}},"type":"binary-expr","locations":[{"start":{"line":108,"column":8},"end":{"line":108,"column":31}},{"start":{"line":109,"column":9},"end":{"line":109,"column":28}},{"start":{"line":109,"column":32},"end":{"line":109,"column":72}}],"line":108},"14":{"loc":{"start":{"line":130,"column":2},"end":{"line":134,"column":3}},"type":"if","locations":[{"start":{"line":130,"column":2},"end":{"line":134,"column":3}},{"start":{},"end":{}}],"line":130}},"s":{"0":0,"1":0,"2":0,"3":0,"4":0,"5":0,"6":0,"7":0,"8":0,"9":0,"10":0,"11":0,"12":0,"13":0,"14":0,"15":0,"16":0,"17":0,"18":0,"19":0,"20":0,"21":0,"22":0,"23":0,"24":0,"25":0,"26":0,"27":0,"28":0,"29":0,"30":0,"31":0,"32":0,"33":0,"34":0,"35":0,"36":0,"37":0},"f":{"0":0,"1":0,"2":0,"3":0,"4":0,"5":0,"6":0,"7":0,"8":0,"9":0,"10":0,"11":0,"12":0,"13":0,"14":0},"b":{"0":[0,0,0],"1":[0,0],"2":[0,0],"3":[0,0],"4":[0,0],"5":[0,0],"6":[0,0],"7":[0,0],"8":[0,0],"9":[0,0],"10":[0,0],"11":[0,0],"12":[0,0],"13":[0,0,0],"14":[0,0]}}
,"/Users/giancarlosanchez/dappify/marketplace-ui/src/setupTests.js": {"path":"/Users/giancarlosanchez/dappify/marketplace-ui/src/setupTests.js","statementMap":{},"fnMap":{},"branchMap":{},"s":{},"f":{},"b":{}}
,"/Users/giancarlosanchez/dappify/marketplace-ui/src/components/Styles.js": {"path":"/Users/giancarlosanchez/dappify/marketplace-ui/src/components/Styles.js","statementMap":{"0":{"start":{"line":13,"column":28},"end":{"line":207,"column":1}},"1":{"start":{"line":15,"column":6},"end":{"line":97,"column":5}},"2":{"start":{"line":100,"column":6},"end":{"line":200,"column":5}},"3":{"start":{"line":203,"column":6},"end":{"line":206,"column":5}}},"fnMap":{"0":{"name":"(anonymous_0)","decl":{"start":{"line":14,"column":6},"end":{"line":14,"column":7}},"loc":{"start":{"line":15,"column":6},"end":{"line":97,"column":5}},"line":15},"1":{"name":"(anonymous_1)","decl":{"start":{"line":99,"column":6},"end":{"line":99,"column":7}},"loc":{"start":{"line":100,"column":6},"end":{"line":200,"column":5}},"line":100},"2":{"name":"(anonymous_2)","decl":{"start":{"line":202,"column":6},"end":{"line":202,"column":7}},"loc":{"start":{"line":203,"column":6},"end":{"line":206,"column":5}},"line":203}},"branchMap":{"0":{"loc":{"start":{"line":15,"column":6},"end":{"line":97,"column":5}},"type":"binary-expr","locations":[{"start":{"line":15,"column":6},"end":{"line":15,"column":28}},{"start":{"line":16,"column":6},"end":{"line":97,"column":5}}],"line":15},"1":{"loc":{"start":{"line":100,"column":6},"end":{"line":200,"column":5}},"type":"binary-expr","locations":[{"start":{"line":100,"column":6},"end":{"line":100,"column":33}},{"start":{"line":101,"column":6},"end":{"line":200,"column":5}}],"line":100},"2":{"loc":{"start":{"line":203,"column":6},"end":{"line":206,"column":5}},"type":"binary-expr","locations":[{"start":{"line":203,"column":6},"end":{"line":203,"column":29}},{"start":{"line":204,"column":6},"end":{"line":206,"column":5}}],"line":203}},"s":{"0":0,"1":0,"2":0,"3":0},"f":{"0":0,"1":0,"2":0},"b":{"0":[0,0],"1":[0,0],"2":[0,0]}}
,"/Users/giancarlosanchez/dappify/marketplace-ui/src/components/Activity/index.js": {"path":"/Users/giancarlosanchez/dappify/marketplace-ui/src/components/Activity/index.js","statementMap":{},"fnMap":{},"branchMap":{},"s":{},"f":{},"b":{}}
,"/Users/giancarlosanchez/dappify/marketplace-ui/src/components/ActivityItem/index.js": {"path":"/Users/giancarlosanchez/dappify/marketplace-ui/src/components/ActivityItem/index.js","statementMap":{"0":{"start":{"line":8,"column":21},"end":{"line":62,"column":1}},"1":{"start":{"line":9,"column":28},"end":{"line":9,"column":54}},"2":{"start":{"line":10,"column":18},"end":{"line":10,"column":59}},"3":{"start":{"line":12,"column":25},"end":{"line":14,"column":3}},"4":{"start":{"line":13,"column":4},"end":{"line":13,"column":59}},"5":{"start":{"line":16,"column":22},"end":{"line":18,"column":3}},"6":{"start":{"line":17,"column":4},"end":{"line":17,"column":41}},"7":{"start":{"line":20,"column":25},"end":{"line":20,"column":49}},"8":{"start":{"line":20,"column":31},"end":{"line":20,"column":49}},"9":{"start":{"line":22,"column":2},"end":{"line":61,"column":3}}},"fnMap":{"0":{"name":"(anonymous_0)","decl":{"start":{"line":8,"column":21},"end":{"line":8,"column":22}},"loc":{"start":{"line":8,"column":41},"end":{"line":62,"column":1}},"line":8},"1":{"name":"(anonymous_1)","decl":{"start":{"line":12,"column":25},"end":{"line":12,"column":26}},"loc":{"start":{"line":12,"column":31},"end":{"line":14,"column":3}},"line":12},"2":{"name":"(anonymous_2)","decl":{"start":{"line":16,"column":22},"end":{"line":16,"column":23}},"loc":{"start":{"line":16,"column":28},"end":{"line":18,"column":3}},"line":16},"3":{"name":"(anonymous_3)","decl":{"start":{"line":20,"column":25},"end":{"line":20,"column":26}},"loc":{"start":{"line":20,"column":31},"end":{"line":20,"column":49}},"line":20}},"branchMap":{"0":{"loc":{"start":{"line":26,"column":11},"end":{"line":33,"column":11}},"type":"binary-expr","locations":[{"start":{"line":26,"column":11},"end":{"line":26,"column":29}},{"start":{"line":27,"column":12},"end":{"line":32,"column":14}}],"line":26},"1":{"loc":{"start":{"line":47,"column":13},"end":{"line":47,"column":62}},"type":"binary-expr","locations":[{"start":{"line":47,"column":13},"end":{"line":47,"column":22}},{"start":{"line":47,"column":26},"end":{"line":47,"column":62}}],"line":47},"2":{"loc":{"start":{"line":48,"column":13},"end":{"line":56,"column":13}},"type":"binary-expr","locations":[{"start":{"line":48,"column":13},"end":{"line":48,"column":29}},{"start":{"line":49,"column":14},"end":{"line":55,"column":23}}],"line":48}},"s":{"0":0,"1":0,"2":0,"3":0,"4":0,"5":0,"6":0,"7":0,"8":0,"9":0},"f":{"0":0,"1":0,"2":0,"3":0},"b":{"0":[0,0],"1":[0,0],"2":[0,0]}}
,"/Users/giancarlosanchez/dappify/marketplace-ui/src/components/AppBar/Create.js": {"path":"/Users/giancarlosanchez/dappify/marketplace-ui/src/components/AppBar/Create.js","statementMap":{},"fnMap":{},"branchMap":{},"s":{},"f":{},"b":{}}
,"/Users/giancarlosanchez/dappify/marketplace-ui/src/components/AppBar/Drawer.js": {"path":"/Users/giancarlosanchez/dappify/marketplace-ui/src/components/AppBar/Drawer.js","statementMap":{"0":{"start":{"line":20,"column":38},"end":{"line":20,"column":64}},"1":{"start":{"line":22,"column":22},"end":{"line":26,"column":3}},"2":{"start":{"line":23,"column":4},"end":{"line":23,"column":18}},"3":{"start":{"line":24,"column":4},"end":{"line":24,"column":55}},"4":{"start":{"line":25,"column":4},"end":{"line":25,"column":13}},"5":{"start":{"line":28,"column":21},"end":{"line":31,"column":3}},"6":{"start":{"line":29,"column":4},"end":{"line":29,"column":18}},"7":{"start":{"line":30,"column":4},"end":{"line":30,"column":13}},"8":{"start":{"line":33,"column":2},"end":{"line":84,"column":3}},"9":{"start":{"line":42,"column":42},"end":{"line":42,"column":64}},"10":{"start":{"line":48,"column":42},"end":{"line":48,"column":65}},"11":{"start":{"line":58,"column":44},"end":{"line":58,"column":66}},"12":{"start":{"line":64,"column":44},"end":{"line":64,"column":57}},"13":{"start":{"line":74,"column":44},"end":{"line":74,"column":65}}},"fnMap":{"0":{"name":"DrawerMenu","decl":{"start":{"line":19,"column":24},"end":{"line":19,"column":34}},"loc":{"start":{"line":19,"column":62},"end":{"line":85,"column":1}},"line":19},"1":{"name":"(anonymous_1)","decl":{"start":{"line":22,"column":22},"end":{"line":22,"column":23}},"loc":{"start":{"line":22,"column":34},"end":{"line":26,"column":3}},"line":22},"2":{"name":"(anonymous_2)","decl":{"start":{"line":28,"column":21},"end":{"line":28,"column":22}},"loc":{"start":{"line":28,"column":31},"end":{"line":31,"column":3}},"line":28},"3":{"name":"(anonymous_3)","decl":{"start":{"line":38,"column":17},"end":{"line":38,"column":18}},"loc":{"start":{"line":38,"column":23},"end":{"line":38,"column":25}},"line":38},"4":{"name":"(anonymous_4)","decl":{"start":{"line":39,"column":19},"end":{"line":39,"column":20}},"loc":{"start":{"line":39,"column":25},"end":{"line":39,"column":27}},"line":39},"5":{"name":"(anonymous_5)","decl":{"start":{"line":42,"column":36},"end":{"line":42,"column":37}},"loc":{"start":{"line":42,"column":42},"end":{"line":42,"column":64}},"line":42},"6":{"name":"(anonymous_6)","decl":{"start":{"line":48,"column":36},"end":{"line":48,"column":37}},"loc":{"start":{"line":48,"column":42},"end":{"line":48,"column":65}},"line":48},"7":{"name":"(anonymous_7)","decl":{"start":{"line":58,"column":38},"end":{"line":58,"column":39}},"loc":{"start":{"line":58,"column":44},"end":{"line":58,"column":66}},"line":58},"8":{"name":"(anonymous_8)","decl":{"start":{"line":64,"column":38},"end":{"line":64,"column":39}},"loc":{"start":{"line":64,"column":44},"end":{"line":64,"column":57}},"line":64},"9":{"name":"(anonymous_9)","decl":{"start":{"line":74,"column":38},"end":{"line":74,"column":39}},"loc":{"start":{"line":74,"column":44},"end":{"line":74,"column":65}},"line":74}},"branchMap":{"0":{"loc":{"start":{"line":19,"column":37},"end":{"line":19,"column":49}},"type":"default-arg","locations":[{"start":{"line":19,"column":44},"end":{"line":19,"column":49}}],"line":19},"1":{"loc":{"start":{"line":56,"column":9},"end":{"line":71,"column":9}},"type":"binary-expr","locations":[{"start":{"line":56,"column":9},"end":{"line":56,"column":24}},{"start":{"line":57,"column":10},"end":{"line":70,"column":17}}],"line":56},"2":{"loc":{"start":{"line":72,"column":9},"end":{"line":81,"column":9}},"type":"binary-expr","locations":[{"start":{"line":72,"column":9},"end":{"line":72,"column":25}},{"start":{"line":73,"column":10},"end":{"line":80,"column":17}}],"line":72}},"s":{"0":0,"1":0,"2":0,"3":0,"4":0,"5":0,"6":0,"7":0,"8":0,"9":0,"10":0,"11":0,"12":0,"13":0},"f":{"0":0,"1":0,"2":0,"3":0,"4":0,"5":0,"6":0,"7":0,"8":0,"9":0},"b":{"0":[0],"1":[0,0],"2":[0,0]}}
,"/Users/giancarlosanchez/dappify/marketplace-ui/src/components/AppBar/Features.js": {"path":"/Users/giancarlosanchez/dappify/marketplace-ui/src/components/AppBar/Features.js","statementMap":{},"fnMap":{},"branchMap":{},"s":{},"f":{},"b":{}}
,"/Users/giancarlosanchez/dappify/marketplace-ui/src/components/AppBar/LoadingBar.js": {"path":"/Users/giancarlosanchez/dappify/marketplace-ui/src/components/AppBar/LoadingBar.js","statementMap":{"0":{"start":{"line":5,"column":19},"end":{"line":8,"column":1}},"1":{"start":{"line":6,"column":20},"end":{"line":6,"column":52}},"2":{"start":{"line":7,"column":2},"end":{"line":7,"column":78}}},"fnMap":{"0":{"name":"(anonymous_0)","decl":{"start":{"line":5,"column":19},"end":{"line":5,"column":20}},"loc":{"start":{"line":5,"column":25},"end":{"line":8,"column":1}},"line":5}},"branchMap":{"0":{"loc":{"start":{"line":7,"column":40},"end":{"line":7,"column":71}},"type":"binary-expr","locations":[{"start":{"line":7,"column":40},"end":{"line":7,"column":49}},{"start":{"line":7,"column":53},"end":{"line":7,"column":71}}],"line":7}},"s":{"0":0,"1":0,"2":0},"f":{"0":0},"b":{"0":[0,0]}}
,"/Users/giancarlosanchez/dappify/marketplace-ui/src/components/AppBar/NavButton.js": {"path":"/Users/giancarlosanchez/dappify/marketplace-ui/src/components/AppBar/NavButton.js","statementMap":{"0":{"start":{"line":8,"column":16},"end":{"line":8,"column":26}},"1":{"start":{"line":11,"column":22},"end":{"line":11,"column":46}},"2":{"start":{"line":13,"column":2},"end":{"line":48,"column":3}}},"fnMap":{"0":{"name":"NavButton","decl":{"start":{"line":7,"column":24},"end":{"line":7,"column":33}},"loc":{"start":{"line":7,"column":51},"end":{"line":49,"column":1}},"line":7}},"branchMap":{"0":{"loc":{"start":{"line":37,"column":7},"end":{"line":41,"column":7}},"type":"binary-expr","locations":[{"start":{"line":37,"column":7},"end":{"line":37,"column":18}},{"start":{"line":38,"column":8},"end":{"line":40,"column":15}}],"line":37},"1":{"loc":{"start":{"line":42,"column":7},"end":{"line":46,"column":7}},"type":"binary-expr","locations":[{"start":{"line":42,"column":7},"end":{"line":42,"column":19}},{"start":{"line":43,"column":8},"end":{"line":45,"column":12}}],"line":42}},"s":{"0":0,"1":0,"2":0},"f":{"0":0},"b":{"0":[0,0],"1":[0,0]}}
,"/Users/giancarlosanchez/dappify/marketplace-ui/src/components/AppBar/Notifications.js": {"path":"/Users/giancarlosanchez/dappify/marketplace-ui/src/components/AppBar/Notifications.js","statementMap":{"0":{"start":{"line":8,"column":16},"end":{"line":8,"column":26}},"1":{"start":{"line":11,"column":2},"end":{"line":30,"column":3}}},"fnMap":{"0":{"name":"ElevateAppBar","decl":{"start":{"line":7,"column":24},"end":{"line":7,"column":37}},"loc":{"start":{"line":7,"column":45},"end":{"line":31,"column":1}},"line":7},"1":{"name":"(anonymous_1)","decl":{"start":{"line":26,"column":17},"end":{"line":26,"column":18}},"loc":{"start":{"line":26,"column":23},"end":{"line":26,"column":25}},"line":26}},"branchMap":{},"s":{"0":0,"1":0},"f":{"0":0,"1":0},"b":{}}
,"/Users/giancarlosanchez/dappify/marketplace-ui/src/components/AppBar/Profile.js": {"path":"/Users/giancarlosanchez/dappify/marketplace-ui/src/components/AppBar/Profile.js","statementMap":{"0":{"start":{"line":24,"column":21},"end":{"line":24,"column":33}},"1":{"start":{"line":27,"column":19},"end":{"line":27,"column":32}},"2":{"start":{"line":28,"column":16},"end":{"line":28,"column":26}},"3":{"start":{"line":39,"column":6},"end":{"line":39,"column":32}},"4":{"start":{"line":40,"column":18},"end":{"line":40,"column":59}},"5":{"start":{"line":41,"column":27},"end":{"line":41,"column":66}},"6":{"start":{"line":42,"column":22},"end":{"line":42,"column":49}},"7":{"start":{"line":44,"column":2},"end":{"line":46,"column":16}},"8":{"start":{"line":45,"column":4},"end":{"line":45,"column":32}},"9":{"start":{"line":48,"column":18},"end":{"line":48,"column":43}},"10":{"start":{"line":50,"column":4},"end":{"line":69,"column":5}},"11":{"start":{"line":71,"column":34},"end":{"line":71,"column":48}},"12":{"start":{"line":72,"column":15},"end":{"line":72,"column":32}},"13":{"start":{"line":74,"column":22},"end":{"line":78,"column":3}},"14":{"start":{"line":75,"column":4},"end":{"line":77,"column":66}},"15":{"start":{"line":79,"column":22},"end":{"line":81,"column":3}},"16":{"start":{"line":80,"column":4},"end":{"line":80,"column":21}},"17":{"start":{"line":83,"column":23},"end":{"line":86,"column":3}},"18":{"start":{"line":84,"column":4},"end":{"line":84,"column":18}},"19":{"start":{"line":85,"column":4},"end":{"line":85,"column":55}},"20":{"start":{"line":88,"column":22},"end":{"line":91,"column":3}},"21":{"start":{"line":89,"column":28},"end":{"line":89,"column":55}},"22":{"start":{"line":90,"column":4},"end":{"line":90,"column":55}},"23":{"start":{"line":93,"column":24},"end":{"line":116,"column":3}},"24":{"start":{"line":94,"column":17},"end":{"line":94,"column":35}},"25":{"start":{"line":95,"column":18},"end":{"line":95,"column":56}},"26":{"start":{"line":96,"column":17},"end":{"line":100,"column":5}},"27":{"start":{"line":101,"column":19},"end":{"line":101,"column":72}},"28":{"start":{"line":102,"column":4},"end":{"line":115,"column":5}},"29":{"start":{"line":118,"column":24},"end":{"line":140,"column":3}},"30":{"start":{"line":119,"column":4},"end":{"line":139,"column":11}},"31":{"start":{"line":142,"column":2},"end":{"line":233,"column":3}},"32":{"start":{"line":207,"column":12},"end":{"line":209,"column":13}},"33":{"start":{"line":221,"column":25},"end":{"line":221,"column":39}}},"fnMap":{"0":{"name":"Profile","decl":{"start":{"line":26,"column":24},"end":{"line":26,"column":31}},"loc":{"start":{"line":26,"column":39},"end":{"line":234,"column":1}},"line":26},"1":{"name":"(anonymous_1)","decl":{"start":{"line":44,"column":12},"end":{"line":44,"column":13}},"loc":{"start":{"line":44,"column":18},"end":{"line":46,"column":3}},"line":44},"2":{"name":"(anonymous_2)","decl":{"start":{"line":74,"column":22},"end":{"line":74,"column":23}},"loc":{"start":{"line":74,"column":33},"end":{"line":78,"column":3}},"line":74},"3":{"name":"(anonymous_3)","decl":{"start":{"line":79,"column":22},"end":{"line":79,"column":23}},"loc":{"start":{"line":79,"column":28},"end":{"line":81,"column":3}},"line":79},"4":{"name":"(anonymous_4)","decl":{"start":{"line":83,"column":23},"end":{"line":83,"column":24}},"loc":{"start":{"line":83,"column":35},"end":{"line":86,"column":3}},"line":83},"5":{"name":"(anonymous_5)","decl":{"start":{"line":88,"column":22},"end":{"line":88,"column":23}},"loc":{"start":{"line":88,"column":34},"end":{"line":91,"column":3}},"line":88},"6":{"name":"(anonymous_6)","decl":{"start":{"line":93,"column":24},"end":{"line":93,"column":25}},"loc":{"start":{"line":93,"column":30},"end":{"line":116,"column":3}},"line":93},"7":{"name":"(anonymous_7)","decl":{"start":{"line":118,"column":24},"end":{"line":118,"column":25}},"loc":{"start":{"line":119,"column":4},"end":{"line":139,"column":11}},"line":119},"8":{"name":"(anonymous_8)","decl":{"start":{"line":206,"column":19},"end":{"line":206,"column":20}},"loc":{"start":{"line":206,"column":25},"end":{"line":210,"column":11}},"line":206},"9":{"name":"(anonymous_9)","decl":{"start":{"line":221,"column":19},"end":{"line":221,"column":20}},"loc":{"start":{"line":221,"column":25},"end":{"line":221,"column":39}},"line":221}},"branchMap":{"0":{"loc":{"start":{"line":42,"column":22},"end":{"line":42,"column":49}},"type":"binary-expr","locations":[{"start":{"line":42,"column":22},"end":{"line":42,"column":43}},{"start":{"line":42,"column":47},"end":{"line":42,"column":49}}],"line":42},"1":{"loc":{"start":{"line":50,"column":4},"end":{"line":69,"column":5}},"type":"cond-expr","locations":[{"start":{"line":51,"column":6},"end":{"line":64,"column":7}},{"start":{"line":66,"column":6},"end":{"line":68,"column":15}}],"line":50},"2":{"loc":{"start":{"line":50,"column":4},"end":{"line":50,"column":41}},"type":"binary-expr","locations":[{"start":{"line":50,"column":4},"end":{"line":50,"column":19}},{"start":{"line":50,"column":23},"end":{"line":50,"column":41}}],"line":50},"3":{"loc":{"start":{"line":51,"column":6},"end":{"line":64,"column":7}},"type":"cond-expr","locations":[{"start":{"line":52,"column":8},"end":{"line":57,"column":10}},{"start":{"line":59,"column":8},"end":{"line":63,"column":10}}],"line":51},"4":{"loc":{"start":{"line":75,"column":4},"end":{"line":77,"column":66}},"type":"cond-expr","locations":[{"start":{"line":76,"column":8},"end":{"line":76,"column":40}},{"start":{"line":77,"column":8},"end":{"line":77,"column":66}}],"line":75},"5":{"loc":{"start":{"line":95,"column":18},"end":{"line":95,"column":56}},"type":"cond-expr","locations":[{"start":{"line":95,"column":35},"end":{"line":95,"column":44}},{"start":{"line":95,"column":47},"end":{"line":95,"column":56}}],"line":95},"6":{"loc":{"start":{"line":96,"column":17},"end":{"line":100,"column":5}},"type":"cond-expr","locations":[{"start":{"line":97,"column":6},"end":{"line":97,"column":32}},{"start":{"line":99,"column":6},"end":{"line":99,"column":26}}],"line":96},"7":{"loc":{"start":{"line":101,"column":19},"end":{"line":101,"column":72}},"type":"cond-expr","locations":[{"start":{"line":101,"column":36},"end":{"line":101,"column":54}},{"start":{"line":101,"column":57},"end":{"line":101,"column":72}}],"line":101},"8":{"loc":{"start":{"line":121,"column":9},"end":{"line":127,"column":9}},"type":"binary-expr","locations":[{"start":{"line":121,"column":9},"end":{"line":121,"column":32}},{"start":{"line":122,"column":10},"end":{"line":126,"column":12}}],"line":121},"9":{"loc":{"start":{"line":149,"column":25},"end":{"line":149,"column":58}},"type":"cond-expr","locations":[{"start":{"line":149,"column":32},"end":{"line":149,"column":46}},{"start":{"line":149,"column":49},"end":{"line":149,"column":58}}],"line":149},"10":{"loc":{"start":{"line":151,"column":25},"end":{"line":151,"column":50}},"type":"cond-expr","locations":[{"start":{"line":151,"column":32},"end":{"line":151,"column":38}},{"start":{"line":151,"column":41},"end":{"line":151,"column":50}}],"line":151}},"s":{"0":0,"1":0,"2":0,"3":0,"4":0,"5":0,"6":0,"7":0,"8":0,"9":0,"10":0,"11":0,"12":0,"13":0,"14":0,"15":0,"16":0,"17":0,"18":0,"19":0,"20":0,"21":0,"22":0,"23":0,"24":0,"25":0,"26":0,"27":0,"28":0,"29":0,"30":0,"31":0,"32":0,"33":0},"f":{"0":0,"1":0,"2":0,"3":0,"4":0,"5":0,"6":0,"7":0,"8":0,"9":0},"b":{"0":[0,0],"1":[0,0],"2":[0,0],"3":[0,0],"4":[0,0],"5":[0,0],"6":[0,0],"7":[0,0],"8":[0,0],"9":[0,0],"10":[0,0]}}
,"/Users/giancarlosanchez/dappify/marketplace-ui/src/components/AppBar/index.js": {"path":"/Users/giancarlosanchez/dappify/marketplace-ui/src/components/AppBar/index.js","statementMap":{"0":{"start":{"line":24,"column":16},"end":{"line":24,"column":26}},"1":{"start":{"line":25,"column":31},"end":{"line":25,"column":36}},"2":{"start":{"line":29,"column":18},"end":{"line":33,"column":4}},"3":{"start":{"line":35,"column":2},"end":{"line":38,"column":4}},"4":{"start":{"line":41,"column":0},"end":{"line":48,"column":1}},"5":{"start":{"line":50,"column":22},"end":{"line":124,"column":1}},"6":{"start":{"line":51,"column":16},"end":{"line":51,"column":26}},"7":{"start":{"line":52,"column":54},"end":{"line":52,"column":68}},"8":{"start":{"line":53,"column":27},"end":{"line":53,"column":54}},"9":{"start":{"line":54,"column":22},"end":{"line":54,"column":48}},"10":{"start":{"line":55,"column":19},"end":{"line":55,"column":32}},"11":{"start":{"line":56,"column":16},"end":{"line":56,"column":21}},"12":{"start":{"line":58,"column":2},"end":{"line":60,"column":16}},"13":{"start":{"line":59,"column":4},"end":{"line":59,"column":31}},"14":{"start":{"line":62,"column":32},"end":{"line":64,"column":3}},"15":{"start":{"line":63,"column":4},"end":{"line":63,"column":31}},"16":{"start":{"line":66,"column":31},"end":{"line":68,"column":3}},"17":{"start":{"line":67,"column":4},"end":{"line":67,"column":46}},"18":{"start":{"line":70,"column":17},"end":{"line":70,"column":46}},"19":{"start":{"line":72,"column":29},"end":{"line":72,"column":77}},"20":{"start":{"line":73,"column":21},"end":{"line":75,"column":3}},"21":{"start":{"line":77,"column":2},"end":{"line":123,"column":3}}},"fnMap":{"0":{"name":"ElevationScroll","decl":{"start":{"line":23,"column":9},"end":{"line":23,"column":24}},"loc":{"start":{"line":23,"column":32},"end":{"line":39,"column":1}},"line":23},"1":{"name":"(anonymous_1)","decl":{"start":{"line":50,"column":22},"end":{"line":50,"column":23}},"loc":{"start":{"line":50,"column":33},"end":{"line":124,"column":1}},"line":50},"2":{"name":"(anonymous_2)","decl":{"start":{"line":58,"column":12},"end":{"line":58,"column":13}},"loc":{"start":{"line":58,"column":18},"end":{"line":60,"column":3}},"line":58},"3":{"name":"(anonymous_3)","decl":{"start":{"line":62,"column":32},"end":{"line":62,"column":33}},"loc":{"start":{"line":62,"column":38},"end":{"line":64,"column":3}},"line":62},"4":{"name":"(anonymous_4)","decl":{"start":{"line":66,"column":31},"end":{"line":66,"column":32}},"loc":{"start":{"line":66,"column":42},"end":{"line":68,"column":3}},"line":66}},"branchMap":{"0":{"loc":{"start":{"line":32,"column":12},"end":{"line":32,"column":41}},"type":"cond-expr","locations":[{"start":{"line":32,"column":21},"end":{"line":32,"column":29}},{"start":{"line":32,"column":32},"end":{"line":32,"column":41}}],"line":32},"1":{"loc":{"start":{"line":36,"column":15},"end":{"line":36,"column":30}},"type":"cond-expr","locations":[{"start":{"line":36,"column":25},"end":{"line":36,"column":26}},{"start":{"line":36,"column":29},"end":{"line":36,"column":30}}],"line":36},"2":{"loc":{"start":{"line":37,"column":22},"end":{"line":37,"column":78}},"type":"cond-expr","locations":[{"start":{"line":37,"column":32},"end":{"line":37,"column":62}},{"start":{"line":37,"column":65},"end":{"line":37,"column":78}}],"line":37},"3":{"loc":{"start":{"line":73,"column":21},"end":{"line":75,"column":3}},"type":"binary-expr","locations":[{"start":{"line":73,"column":21},"end":{"line":73,"column":49}},{"start":{"line":74,"column":4},"end":{"line":74,"column":69}}],"line":73},"4":{"loc":{"start":{"line":85,"column":15},"end":{"line":87,"column":15}},"type":"binary-expr","locations":[{"start":{"line":85,"column":15},"end":{"line":85,"column":41}},{"start":{"line":86,"column":16},"end":{"line":86,"column":69}}],"line":85}},"s":{"0":0,"1":0,"2":0,"3":0,"4":0,"5":0,"6":0,"7":0,"8":0,"9":0,"10":0,"11":0,"12":0,"13":0,"14":0,"15":0,"16":0,"17":0,"18":0,"19":0,"20":0,"21":0},"f":{"0":0,"1":0,"2":0,"3":0,"4":0},"b":{"0":[0,0],"1":[0,0],"2":[0,0],"3":[0,0],"4":[0,0]}}
,"/Users/giancarlosanchez/dappify/marketplace-ui/src/components/BidSlide/index.js": {"path":"/Users/giancarlosanchez/dappify/marketplace-ui/src/components/BidSlide/index.js","statementMap":{"0":{"start":{"line":13,"column":17},"end":{"line":107,"column":1}},"1":{"start":{"line":14,"column":16},"end":{"line":14,"column":32}},"2":{"start":{"line":15,"column":16},"end":{"line":15,"column":26}},"3":{"start":{"line":16,"column":19},"end":{"line":16,"column":32}},"4":{"start":{"line":17,"column":28},"end":{"line":17,"column":54}},"5":{"start":{"line":18,"column":18},"end":{"line":18,"column":59}},"6":{"start":{"line":19,"column":48},"end":{"line":19,"column":58}},"7":{"start":{"line":22,"column":4},"end":{"line":22,"column":124}},"8":{"start":{"line":23,"column":14},"end":{"line":23,"column":73}},"9":{"start":{"line":25,"column":2},"end":{"line":106,"column":3}},"10":{"start":{"line":75,"column":31},"end":{"line":75,"column":55}},"11":{"start":{"line":84,"column":18},"end":{"line":86,"column":19}},"12":{"start":{"line":101,"column":12},"end":{"line":101,"column":37}}},"fnMap":{"0":{"name":"(anonymous_0)","decl":{"start":{"line":13,"column":17},"end":{"line":13,"column":18}},"loc":{"start":{"line":13,"column":40},"end":{"line":107,"column":1}},"line":13},"1":{"name":"(anonymous_1)","decl":{"start":{"line":75,"column":25},"end":{"line":75,"column":26}},"loc":{"start":{"line":75,"column":31},"end":{"line":75,"column":55}},"line":75},"2":{"name":"(anonymous_2)","decl":{"start":{"line":83,"column":25},"end":{"line":83,"column":26}},"loc":{"start":{"line":83,"column":31},"end":{"line":87,"column":17}},"line":83},"3":{"name":"(anonymous_3)","decl":{"start":{"line":100,"column":19},"end":{"line":100,"column":20}},"loc":{"start":{"line":100,"column":25},"end":{"line":102,"column":11}},"line":100}},"branchMap":{"0":{"loc":{"start":{"line":23,"column":14},"end":{"line":23,"column":73}},"type":"binary-expr","locations":[{"start":{"line":23,"column":14},"end":{"line":23,"column":39}},{"start":{"line":23,"column":43},"end":{"line":23,"column":73}}],"line":23},"1":{"loc":{"start":{"line":31,"column":17},"end":{"line":31,"column":42}},"type":"binary-expr","locations":[{"start":{"line":31,"column":17},"end":{"line":31,"column":20}},{"start":{"line":31,"column":24},"end":{"line":31,"column":42}}],"line":31},"2":{"loc":{"start":{"line":36,"column":11},"end":{"line":45,"column":11}},"type":"binary-expr","locations":[{"start":{"line":36,"column":11},"end":{"line":36,"column":39}},{"start":{"line":37,"column":12},"end":{"line":44,"column":20}}],"line":36},"3":{"loc":{"start":{"line":56,"column":44},"end":{"line":56,"column":75}},"type":"cond-expr","locations":[{"start":{"line":56,"column":59},"end":{"line":56,"column":71}},{"start":{"line":56,"column":74},"end":{"line":56,"column":75}}],"line":56},"4":{"loc":{"start":{"line":58,"column":17},"end":{"line":64,"column":17}},"type":"cond-expr","locations":[{"start":{"line":59,"column":18},"end":{"line":61,"column":23}},{"start":{"line":63,"column":18},"end":{"line":63,"column":46}}],"line":58},"5":{"loc":{"start":{"line":95,"column":7},"end":{"line":104,"column":7}},"type":"binary-expr","locations":[{"start":{"line":95,"column":7},"end":{"line":95,"column":22}},{"start":{"line":96,"column":8},"end":{"line":103,"column":10}}],"line":95}},"s":{"0":0,"1":0,"2":0,"3":0,"4":0,"5":0,"6":0,"7":0,"8":0,"9":0,"10":0,"11":0,"12":0},"f":{"0":0,"1":0,"2":0,"3":0},"b":{"0":[0,0],"1":[0,0],"2":[0,0],"3":[0,0],"4":[0,0],"5":[0,0]}}
,"/Users/giancarlosanchez/dappify/marketplace-ui/src/components/Categories/index.js": {"path":"/Users/giancarlosanchez/dappify/marketplace-ui/src/components/Categories/index.js","statementMap":{"0":{"start":{"line":6,"column":18},"end":{"line":6,"column":30}},"1":{"start":{"line":8,"column":19},"end":{"line":65,"column":1}},"2":{"start":{"line":9,"column":23},"end":{"line":9,"column":79}},"3":{"start":{"line":11,"column":23},"end":{"line":17,"column":3}},"4":{"start":{"line":12,"column":4},"end":{"line":16,"column":5}},"5":{"start":{"line":19,"column":28},"end":{"line":58,"column":3}},"6":{"start":{"line":20,"column":18},"end":{"line":20,"column":20}},"7":{"start":{"line":21,"column":4},"end":{"line":56,"column":6}},"8":{"start":{"line":22,"column":6},"end":{"line":55,"column":7}},"9":{"start":{"line":32,"column":27},"end":{"line":32,"column":49}},"10":{"start":{"line":57,"column":4},"end":{"line":57,"column":16}},"11":{"start":{"line":60,"column":2},"end":{"line":64,"column":3}}},"fnMap":{"0":{"name":"(anonymous_0)","decl":{"start":{"line":8,"column":19},"end":{"line":8,"column":20}},"loc":{"start":{"line":8,"column":37},"end":{"line":65,"column":1}},"line":8},"1":{"name":"(anonymous_1)","decl":{"start":{"line":11,"column":23},"end":{"line":11,"column":24}},"loc":{"start":{"line":11,"column":32},"end":{"line":17,"column":3}},"line":11},"2":{"name":"(anonymous_2)","decl":{"start":{"line":19,"column":28},"end":{"line":19,"column":29}},"loc":{"start":{"line":19,"column":34},"end":{"line":58,"column":3}},"line":19},"3":{"name":"(anonymous_3)","decl":{"start":{"line":21,"column":23},"end":{"line":21,"column":24}},"loc":{"start":{"line":21,"column":44},"end":{"line":56,"column":5}},"line":21},"4":{"name":"(anonymous_4)","decl":{"start":{"line":32,"column":21},"end":{"line":32,"column":22}},"loc":{"start":{"line":32,"column":27},"end":{"line":32,"column":49}},"line":32}},"branchMap":{"0":{"loc":{"start":{"line":49,"column":19},"end":{"line":49,"column":46}},"type":"binary-expr","locations":[{"start":{"line":49,"column":19},"end":{"line":49,"column":31}},{"start":{"line":49,"column":35},"end":{"line":49,"column":46}}],"line":49},"1":{"loc":{"start":{"line":62,"column":7},"end":{"line":62,"column":40}},"type":"binary-expr","locations":[{"start":{"line":62,"column":7},"end":{"line":62,"column":17}},{"start":{"line":62,"column":21},"end":{"line":62,"column":40}}],"line":62}},"s":{"0":0,"1":0,"2":0,"3":0,"4":0,"5":0,"6":0,"7":0,"8":0,"9":0,"10":0,"11":0},"f":{"0":0,"1":0,"2":0,"3":0,"4":0},"b":{"0":[0,0],"1":[0,0]}}
,"/Users/giancarlosanchez/dappify/marketplace-ui/src/components/CollectionSlider/Content.js": {"path":"/Users/giancarlosanchez/dappify/marketplace-ui/src/components/CollectionSlider/Content.js","statementMap":{"0":{"start":{"line":5,"column":16},"end":{"line":34,"column":1}},"1":{"start":{"line":6,"column":19},"end":{"line":6,"column":32}},"2":{"start":{"line":8,"column":25},"end":{"line":12,"column":3}},"3":{"start":{"line":9,"column":4},"end":{"line":11,"column":5}},"4":{"start":{"line":14,"column":2},"end":{"line":33,"column":3}}},"fnMap":{"0":{"name":"(anonymous_0)","decl":{"start":{"line":5,"column":16},"end":{"line":5,"column":17}},"loc":{"start":{"line":5,"column":46},"end":{"line":34,"column":1}},"line":5},"1":{"name":"(anonymous_1)","decl":{"start":{"line":8,"column":25},"end":{"line":8,"column":26}},"loc":{"start":{"line":8,"column":31},"end":{"line":12,"column":3}},"line":8}},"branchMap":{},"s":{"0":0,"1":0,"2":0,"3":0,"4":0},"f":{"0":0,"1":0},"b":{}}
,"/Users/giancarlosanchez/dappify/marketplace-ui/src/components/CollectionSlider/index.js": {"path":"/Users/giancarlosanchez/dappify/marketplace-ui/src/components/CollectionSlider/index.js","statementMap":{"0":{"start":{"line":11,"column":32},"end":{"line":37,"column":1}},"1":{"start":{"line":12,"column":19},"end":{"line":12,"column":32}},"2":{"start":{"line":13,"column":30},"end":{"line":13,"column":72}},"3":{"start":{"line":14,"column":25},"end":{"line":16,"column":8}},"4":{"start":{"line":18,"column":2},"end":{"line":20,"column":16}},"5":{"start":{"line":19,"column":4},"end":{"line":19,"column":35}},"6":{"start":{"line":22,"column":2},"end":{"line":36,"column":3}},"7":{"start":{"line":27,"column":12},"end":{"line":32,"column":14}}},"fnMap":{"0":{"name":"(anonymous_0)","decl":{"start":{"line":11,"column":32},"end":{"line":11,"column":33}},"loc":{"start":{"line":11,"column":43},"end":{"line":37,"column":1}},"line":11},"1":{"name":"(anonymous_1)","decl":{"start":{"line":18,"column":12},"end":{"line":18,"column":13}},"loc":{"start":{"line":18,"column":18},"end":{"line":20,"column":3}},"line":18},"2":{"name":"(anonymous_2)","decl":{"start":{"line":26,"column":29},"end":{"line":26,"column":30}},"loc":{"start":{"line":27,"column":12},"end":{"line":32,"column":14}},"line":27}},"branchMap":{"0":{"loc":{"start":{"line":14,"column":25},"end":{"line":16,"column":8}},"type":"cond-expr","locations":[{"start":{"line":15,"column":6},"end":{"line":15,"column":30}},{"start":{"line":16,"column":6},"end":{"line":16,"column":8}}],"line":14},"1":{"loc":{"start":{"line":25,"column":9},"end":{"line":33,"column":12}},"type":"binary-expr","locations":[{"start":{"line":25,"column":9},"end":{"line":25,"column":23}},{"start":{"line":26,"column":10},"end":{"line":33,"column":12}}],"line":25}},"s":{"0":0,"1":0,"2":0,"3":0,"4":0,"5":0,"6":0,"7":0},"f":{"0":0,"1":0,"2":0},"b":{"0":[0,0],"1":[0,0]}}
,"/Users/giancarlosanchez/dappify/marketplace-ui/src/components/ConfirmationWarning/index.js": {"path":"/Users/giancarlosanchez/dappify/marketplace-ui/src/components/ConfirmationWarning/index.js","statementMap":{"0":{"start":{"line":3,"column":28},"end":{"line":13,"column":1}},"1":{"start":{"line":4,"column":2},"end":{"line":12,"column":3}}},"fnMap":{"0":{"name":"(anonymous_0)","decl":{"start":{"line":3,"column":28},"end":{"line":3,"column":29}},"loc":{"start":{"line":3,"column":39},"end":{"line":13,"column":1}},"line":3}},"branchMap":{},"s":{"0":0,"1":0},"f":{"0":0},"b":{}}
,"/Users/giancarlosanchez/dappify/marketplace-ui/src/components/Constants/filters.js": {"path":"/Users/giancarlosanchez/dappify/marketplace-ui/src/components/Constants/filters.js","statementMap":{"0":{"start":{"line":1,"column":26},"end":{"line":34,"column":1}},"1":{"start":{"line":36,"column":22},"end":{"line":49,"column":1}},"2":{"start":{"line":51,"column":25},"end":{"line":60,"column":1}},"3":{"start":{"line":62,"column":27},"end":{"line":87,"column":1}}},"fnMap":{},"branchMap":{},"s":{"0":0,"1":0,"2":0,"3":0},"f":{},"b":{}}
,"/Users/giancarlosanchez/dappify/marketplace-ui/src/components/Constants/index.js": {"path":"/Users/giancarlosanchez/dappify/marketplace-ui/src/components/Constants/index.js","statementMap":{"0":{"start":{"line":1,"column":24},"end":{"line":50,"column":1}},"1":{"start":{"line":52,"column":27},"end":{"line":101,"column":1}},"2":{"start":{"line":103,"column":34},"end":{"line":151,"column":1}},"3":{"start":{"line":153,"column":40},"end":{"line":202,"column":1}},"4":{"start":{"line":204,"column":27},"end":{"line":253,"column":1}},"5":{"start":{"line":255,"column":28},"end":{"line":304,"column":1}}},"fnMap":{},"branchMap":{},"s":{"0":0,"1":0,"2":0,"3":0,"4":0,"5":0},"f":{},"b":{}}
,"/Users/giancarlosanchez/dappify/marketplace-ui/src/components/CopyAddress/index.js": {"path":"/Users/giancarlosanchez/dappify/marketplace-ui/src/components/CopyAddress/index.js","statementMap":{"0":{"start":{"line":4,"column":20},"end":{"line":37,"column":1}},"1":{"start":{"line":5,"column":29},"end":{"line":14,"column":3}},"2":{"start":{"line":6,"column":4},"end":{"line":6,"column":22}},"3":{"start":{"line":7,"column":19},"end":{"line":7,"column":30}},"4":{"start":{"line":8,"column":4},"end":{"line":13,"column":5}},"5":{"start":{"line":11,"column":8},"end":{"line":11,"column":58}},"6":{"start":{"line":16,"column":24},"end":{"line":16,"column":80}},"7":{"start":{"line":16,"column":34},"end":{"line":16,"column":80}},"8":{"start":{"line":18,"column":2},"end":{"line":36,"column":3}}},"fnMap":{"0":{"name":"(anonymous_0)","decl":{"start":{"line":4,"column":20},"end":{"line":4,"column":21}},"loc":{"start":{"line":4,"column":40},"end":{"line":37,"column":1}},"line":4},"1":{"name":"(anonymous_1)","decl":{"start":{"line":5,"column":29},"end":{"line":5,"column":30}},"loc":{"start":{"line":5,"column":36},"end":{"line":14,"column":3}},"line":5},"2":{"name":"(anonymous_2)","decl":{"start":{"line":9,"column":6},"end":{"line":9,"column":7}},"loc":{"start":{"line":9,"column":18},"end":{"line":9,"column":20}},"line":9},"3":{"name":"(anonymous_3)","decl":{"start":{"line":10,"column":6},"end":{"line":10,"column":7}},"loc":{"start":{"line":10,"column":21},"end":{"line":12,"column":7}},"line":10},"4":{"name":"(anonymous_4)","decl":{"start":{"line":16,"column":24},"end":{"line":16,"column":25}},"loc":{"start":{"line":16,"column":34},"end":{"line":16,"column":80}},"line":16}},"branchMap":{},"s":{"0":0,"1":0,"2":0,"3":0,"4":0,"5":0,"6":0,"7":0,"8":0},"f":{"0":0,"1":0,"2":0,"3":0,"4":0},"b":{}}
,"/Users/giancarlosanchez/dappify/marketplace-ui/src/components/Logo/index.js": {"path":"/Users/giancarlosanchez/dappify/marketplace-ui/src/components/Logo/index.js","statementMap":{"0":{"start":{"line":6,"column":13},"end":{"line":25,"column":1}},"1":{"start":{"line":7,"column":28},"end":{"line":7,"column":54}},"2":{"start":{"line":8,"column":2},"end":{"line":24,"column":3}}},"fnMap":{"0":{"name":"(anonymous_0)","decl":{"start":{"line":6,"column":13},"end":{"line":6,"column":14}},"loc":{"start":{"line":6,"column":19},"end":{"line":25,"column":1}},"line":6}},"branchMap":{},"s":{"0":0,"1":0,"2":0},"f":{"0":0},"b":{}}
,"/Users/giancarlosanchez/dappify/marketplace-ui/src/components/MainButton/index.js": {"path":"/Users/giancarlosanchez/dappify/marketplace-ui/src/components/MainButton/index.js","statementMap":{"0":{"start":{"line":4,"column":19},"end":{"line":14,"column":1}},"1":{"start":{"line":5,"column":19},"end":{"line":5,"column":32}},"2":{"start":{"line":7,"column":22},"end":{"line":7,"column":40}},"3":{"start":{"line":7,"column":28},"end":{"line":7,"column":40}},"4":{"start":{"line":9,"column":2},"end":{"line":13,"column":3}}},"fnMap":{"0":{"name":"(anonymous_0)","decl":{"start":{"line":4,"column":19},"end":{"line":4,"column":20}},"loc":{"start":{"line":4,"column":38},"end":{"line":14,"column":1}},"line":4},"1":{"name":"(anonymous_1)","decl":{"start":{"line":7,"column":22},"end":{"line":7,"column":23}},"loc":{"start":{"line":7,"column":28},"end":{"line":7,"column":40}},"line":7}},"branchMap":{},"s":{"0":0,"1":0,"2":0,"3":0,"4":0},"f":{"0":0,"1":0},"b":{}}
,"/Users/giancarlosanchez/dappify/marketplace-ui/src/components/ModalActions/index.js": {"path":"/Users/giancarlosanchez/dappify/marketplace-ui/src/components/ModalActions/index.js","statementMap":{"0":{"start":{"line":8,"column":21},"end":{"line":125,"column":1}},"1":{"start":{"line":22,"column":6},"end":{"line":22,"column":32}},"2":{"start":{"line":23,"column":19},"end":{"line":23,"column":32}},"3":{"start":{"line":24,"column":18},"end":{"line":24,"column":59}},"4":{"start":{"line":26,"column":34},"end":{"line":72,"column":3}},"5":{"start":{"line":74,"column":24},"end":{"line":96,"column":3}},"6":{"start":{"line":75,"column":17},"end":{"line":75,"column":35}},"7":{"start":{"line":76,"column":18},"end":{"line":76,"column":56}},"8":{"start":{"line":77,"column":17},"end":{"line":81,"column":5}},"9":{"start":{"line":82,"column":19},"end":{"line":82,"column":72}},"10":{"start":{"line":83,"column":4},"end":{"line":95,"column":5}},"11":{"start":{"line":98,"column":22},"end":{"line":101,"column":3}},"12":{"start":{"line":99,"column":28},"end":{"line":99,"column":55}},"13":{"start":{"line":100,"column":4},"end":{"line":100,"column":55}},"14":{"start":{"line":103,"column":17},"end":{"line":116,"column":3}},"15":{"start":{"line":109,"column":10},"end":{"line":109,"column":68}},"16":{"start":{"line":118,"column":2},"end":{"line":124,"column":3}}},"fnMap":{"0":{"name":"(anonymous_0)","decl":{"start":{"line":8,"column":21},"end":{"line":8,"column":22}},"loc":{"start":{"line":15,"column":6},"end":{"line":125,"column":1}},"line":15},"1":{"name":"(anonymous_1)","decl":{"start":{"line":74,"column":24},"end":{"line":74,"column":25}},"loc":{"start":{"line":74,"column":30},"end":{"line":96,"column":3}},"line":74},"2":{"name":"(anonymous_2)","decl":{"start":{"line":98,"column":22},"end":{"line":98,"column":23}},"loc":{"start":{"line":98,"column":34},"end":{"line":101,"column":3}},"line":98},"3":{"name":"(anonymous_3)","decl":{"start":{"line":108,"column":17},"end":{"line":108,"column":18}},"loc":{"start":{"line":108,"column":23},"end":{"line":110,"column":9}},"line":108}},"branchMap":{"0":{"loc":{"start":{"line":26,"column":34},"end":{"line":72,"column":3}},"type":"binary-expr","locations":[{"start":{"line":26,"column":34},"end":{"line":26,"column":49}},{"start":{"line":26,"column":53},"end":{"line":26,"column":67}},{"start":{"line":27,"column":4},"end":{"line":71,"column":10}}],"line":26},"1":{"loc":{"start":{"line":28,"column":7},"end":{"line":61,"column":7}},"type":"binary-expr","locations":[{"start":{"line":28,"column":7},"end":{"line":28,"column":18}},{"start":{"line":29,"column":8},"end":{"line":60,"column":15}}],"line":28},"2":{"loc":{"start":{"line":36,"column":13},"end":{"line":45,"column":13}},"type":"binary-expr","locations":[{"start":{"line":36,"column":13},"end":{"line":36,"column":21}},{"start":{"line":37,"column":14},"end":{"line":44,"column":23}}],"line":36},"3":{"loc":{"start":{"line":46,"column":13},"end":{"line":58,"column":13}},"type":"binary-expr","locations":[{"start":{"line":46,"column":13},"end":{"line":46,"column":20}},{"start":{"line":47,"column":14},"end":{"line":57,"column":23}}],"line":46},"4":{"loc":{"start":{"line":62,"column":7},"end":{"line":70,"column":7}},"type":"binary-expr","locations":[{"start":{"line":62,"column":7},"end":{"line":62,"column":17}},{"start":{"line":63,"column":8},"end":{"line":69,"column":15}}],"line":62},"5":{"loc":{"start":{"line":76,"column":18},"end":{"line":76,"column":56}},"type":"cond-expr","locations":[{"start":{"line":76,"column":35},"end":{"line":76,"column":44}},{"start":{"line":76,"column":47},"end":{"line":76,"column":56}}],"line":76},"6":{"loc":{"start":{"line":77,"column":17},"end":{"line":81,"column":5}},"type":"cond-expr","locations":[{"start":{"line":78,"column":6},"end":{"line":78,"column":32}},{"start":{"line":80,"column":6},"end":{"line":80,"column":26}}],"line":77},"7":{"loc":{"start":{"line":82,"column":19},"end":{"line":82,"column":72}},"type":"cond-expr","locations":[{"start":{"line":82,"column":36},"end":{"line":82,"column":54}},{"start":{"line":82,"column":57},"end":{"line":82,"column":72}}],"line":82},"8":{"loc":{"start":{"line":103,"column":17},"end":{"line":116,"column":3}},"type":"binary-expr","locations":[{"start":{"line":103,"column":17},"end":{"line":103,"column":33}},{"start":{"line":104,"column":4},"end":{"line":115,"column":11}}],"line":103},"9":{"loc":{"start":{"line":122,"column":7},"end":{"line":122,"column":60}},"type":"binary-expr","locations":[{"start":{"line":122,"column":7},"end":{"line":122,"column":22}},{"start":{"line":122,"column":26},"end":{"line":122,"column":41}},{"start":{"line":122,"column":45},"end":{"line":122,"column":60}}],"line":122}},"s":{"0":0,"1":0,"2":0,"3":0,"4":0,"5":0,"6":0,"7":0,"8":0,"9":0,"10":0,"11":0,"12":0,"13":0,"14":0,"15":0,"16":0},"f":{"0":0,"1":0,"2":0,"3":0},"b":{"0":[0,0,0],"1":[0,0],"2":[0,0],"3":[0,0],"4":[0,0],"5":[0,0],"6":[0,0],"7":[0,0],"8":[0,0],"9":[0,0,0]}}
,"/Users/giancarlosanchez/dappify/marketplace-ui/src/components/ModalEdit/index.js": {"path":"/Users/giancarlosanchez/dappify/marketplace-ui/src/components/ModalEdit/index.js","statementMap":{"0":{"start":{"line":26,"column":18},"end":{"line":111,"column":1}},"1":{"start":{"line":27,"column":19},"end":{"line":27,"column":32}},"2":{"start":{"line":28,"column":23},"end":{"line":28,"column":58}},"3":{"start":{"line":29,"column":20},"end":{"line":29,"column":40}},"4":{"start":{"line":30,"column":42},"end":{"line":30,"column":68}},"5":{"start":{"line":31,"column":18},"end":{"line":31,"column":59}},"6":{"start":{"line":32,"column":20},"end":{"line":32,"column":59}},"7":{"start":{"line":33,"column":17},"end":{"line":33,"column":33}},"8":{"start":{"line":34,"column":30},"end":{"line":34,"column":40}},"9":{"start":{"line":36,"column":19},"end":{"line":36,"column":65}},"10":{"start":{"line":36,"column":25},"end":{"line":36,"column":65}},"11":{"start":{"line":38,"column":2},"end":{"line":42,"column":24}},"12":{"start":{"line":39,"column":4},"end":{"line":41,"column":5}},"13":{"start":{"line":40,"column":6},"end":{"line":40,"column":34}},"14":{"start":{"line":44,"column":2},"end":{"line":48,"column":37}},"15":{"start":{"line":45,"column":26},"end":{"line":45,"column":64}},"16":{"start":{"line":46,"column":4},"end":{"line":46,"column":28}},"17":{"start":{"line":50,"column":23},"end":{"line":52,"column":3}},"18":{"start":{"line":51,"column":4},"end":{"line":51,"column":45}},"19":{"start":{"line":54,"column":22},"end":{"line":61,"column":3}},"20":{"start":{"line":55,"column":4},"end":{"line":55,"column":65}},"21":{"start":{"line":56,"column":4},"end":{"line":56,"column":32}},"22":{"start":{"line":57,"column":4},"end":{"line":57,"column":34}},"23":{"start":{"line":58,"column":4},"end":{"line":58,"column":32}},"24":{"start":{"line":59,"column":4},"end":{"line":59,"column":18}},"25":{"start":{"line":60,"column":4},"end":{"line":60,"column":13}},"26":{"start":{"line":63,"column":29},"end":{"line":63,"column":73}},"27":{"start":{"line":63,"column":36},"end":{"line":63,"column":73}},"28":{"start":{"line":65,"column":2},"end":{"line":110,"column":3}}},"fnMap":{"0":{"name":"(anonymous_0)","decl":{"start":{"line":26,"column":18},"end":{"line":26,"column":19}},"loc":{"start":{"line":26,"column":66},"end":{"line":111,"column":1}},"line":26},"1":{"name":"(anonymous_1)","decl":{"start":{"line":36,"column":19},"end":{"line":36,"column":20}},"loc":{"start":{"line":36,"column":25},"end":{"line":36,"column":65}},"line":36},"2":{"name":"(anonymous_2)","decl":{"start":{"line":38,"column":12},"end":{"line":38,"column":13}},"loc":{"start":{"line":38,"column":18},"end":{"line":42,"column":3}},"line":38},"3":{"name":"(anonymous_3)","decl":{"start":{"line":39,"column":11},"end":{"line":39,"column":12}},"loc":{"start":{"line":39,"column":23},"end":{"line":41,"column":5}},"line":39},"4":{"name":"(anonymous_4)","decl":{"start":{"line":44,"column":12},"end":{"line":44,"column":13}},"loc":{"start":{"line":44,"column":18},"end":{"line":48,"column":3}},"line":44},"5":{"name":"(anonymous_5)","decl":{"start":{"line":50,"column":23},"end":{"line":50,"column":24}},"loc":{"start":{"line":50,"column":35},"end":{"line":52,"column":3}},"line":50},"6":{"name":"(anonymous_6)","decl":{"start":{"line":54,"column":22},"end":{"line":54,"column":23}},"loc":{"start":{"line":54,"column":34},"end":{"line":61,"column":3}},"line":54},"7":{"name":"(anonymous_7)","decl":{"start":{"line":63,"column":29},"end":{"line":63,"column":30}},"loc":{"start":{"line":63,"column":36},"end":{"line":63,"column":73}},"line":63}},"branchMap":{"0":{"loc":{"start":{"line":26,"column":21},"end":{"line":26,"column":35}},"type":"default-arg","locations":[{"start":{"line":26,"column":30},"end":{"line":26,"column":35}}],"line":26},"1":{"loc":{"start":{"line":33,"column":17},"end":{"line":33,"column":33}},"type":"binary-expr","locations":[{"start":{"line":33,"column":17},"end":{"line":33,"column":28}},{"start":{"line":33,"column":32},"end":{"line":33,"column":33}}],"line":33},"2":{"loc":{"start":{"line":45,"column":26},"end":{"line":45,"column":64}},"type":"cond-expr","locations":[{"start":{"line":45,"column":34},"end":{"line":45,"column":52}},{"start":{"line":45,"column":55},"end":{"line":45,"column":64}}],"line":45},"3":{"loc":{"start":{"line":96,"column":13},"end":{"line":96,"column":55}},"type":"binary-expr","locations":[{"start":{"line":96,"column":13},"end":{"line":96,"column":22}},{"start":{"line":96,"column":26},"end":{"line":96,"column":55}}],"line":96}},"s":{"0":0,"1":0,"2":0,"3":0,"4":0,"5":0,"6":0,"7":0,"8":0,"9":0,"10":0,"11":0,"12":0,"13":0,"14":0,"15":0,"16":0,"17":0,"18":0,"19":0,"20":0,"21":0,"22":0,"23":0,"24":0,"25":0,"26":0,"27":0,"28":0},"f":{"0":0,"1":0,"2":0,"3":0,"4":0,"5":0,"6":0,"7":0},"b":{"0":[0],"1":[0,0],"2":[0,0],"3":[0,0]}}
,"/Users/giancarlosanchez/dappify/marketplace-ui/src/components/ModalPurchase/index.js": {"path":"/Users/giancarlosanchez/dappify/marketplace-ui/src/components/ModalPurchase/index.js","statementMap":{"0":{"start":{"line":25,"column":22},"end":{"line":124,"column":1}},"1":{"start":{"line":26,"column":19},"end":{"line":26,"column":32}},"2":{"start":{"line":27,"column":27},"end":{"line":27,"column":66}},"3":{"start":{"line":28,"column":23},"end":{"line":28,"column":47}},"4":{"start":{"line":29,"column":42},"end":{"line":29,"column":68}},"5":{"start":{"line":30,"column":24},"end":{"line":30,"column":35}},"6":{"start":{"line":31,"column":42},"end":{"line":31,"column":67}},"7":{"start":{"line":32,"column":18},"end":{"line":32,"column":59}},"8":{"start":{"line":34,"column":19},"end":{"line":34,"column":65}},"9":{"start":{"line":34,"column":25},"end":{"line":34,"column":65}},"10":{"start":{"line":36,"column":2},"end":{"line":39,"column":22}},"11":{"start":{"line":37,"column":18},"end":{"line":37,"column":33}},"12":{"start":{"line":38,"column":4},"end":{"line":38,"column":31}},"13":{"start":{"line":41,"column":2},"end":{"line":45,"column":24}},"14":{"start":{"line":42,"column":4},"end":{"line":44,"column":5}},"15":{"start":{"line":43,"column":6},"end":{"line":43,"column":34}},"16":{"start":{"line":47,"column":23},"end":{"line":49,"column":3}},"17":{"start":{"line":48,"column":4},"end":{"line":48,"column":41}},"18":{"start":{"line":51,"column":22},"end":{"line":57,"column":3}},"19":{"start":{"line":52,"column":4},"end":{"line":52,"column":65}},"20":{"start":{"line":53,"column":4},"end":{"line":53,"column":32}},"21":{"start":{"line":54,"column":4},"end":{"line":54,"column":34}},"22":{"start":{"line":55,"column":4},"end":{"line":55,"column":18}},"23":{"start":{"line":56,"column":4},"end":{"line":56,"column":13}},"24":{"start":{"line":59,"column":28},"end":{"line":60,"column":65}},"25":{"start":{"line":60,"column":4},"end":{"line":60,"column":65}},"26":{"start":{"line":62,"column":2},"end":{"line":123,"column":3}},"27":{"start":{"line":90,"column":33},"end":{"line":90,"column":57}},"28":{"start":{"line":91,"column":18},"end":{"line":91,"column":32}}},"fnMap":{"0":{"name":"(anonymous_0)","decl":{"start":{"line":25,"column":22},"end":{"line":25,"column":23}},"loc":{"start":{"line":25,"column":70},"end":{"line":124,"column":1}},"line":25},"1":{"name":"(anonymous_1)","decl":{"start":{"line":34,"column":19},"end":{"line":34,"column":20}},"loc":{"start":{"line":34,"column":25},"end":{"line":34,"column":65}},"line":34},"2":{"name":"(anonymous_2)","decl":{"start":{"line":36,"column":12},"end":{"line":36,"column":13}},"loc":{"start":{"line":36,"column":18},"end":{"line":39,"column":3}},"line":36},"3":{"name":"(anonymous_3)","decl":{"start":{"line":41,"column":12},"end":{"line":41,"column":13}},"loc":{"start":{"line":41,"column":18},"end":{"line":45,"column":3}},"line":41},"4":{"name":"(anonymous_4)","decl":{"start":{"line":42,"column":11},"end":{"line":42,"column":12}},"loc":{"start":{"line":42,"column":23},"end":{"line":44,"column":5}},"line":42},"5":{"name":"(anonymous_5)","decl":{"start":{"line":47,"column":23},"end":{"line":47,"column":24}},"loc":{"start":{"line":47,"column":35},"end":{"line":49,"column":3}},"line":47},"6":{"name":"(anonymous_6)","decl":{"start":{"line":51,"column":22},"end":{"line":51,"column":23}},"loc":{"start":{"line":51,"column":34},"end":{"line":57,"column":3}},"line":51},"7":{"name":"(anonymous_7)","decl":{"start":{"line":59,"column":28},"end":{"line":59,"column":29}},"loc":{"start":{"line":60,"column":4},"end":{"line":60,"column":65}},"line":60},"8":{"name":"(anonymous_8)","decl":{"start":{"line":89,"column":26},"end":{"line":89,"column":27}},"loc":{"start":{"line":89,"column":33},"end":{"line":92,"column":17}},"line":89}},"branchMap":{"0":{"loc":{"start":{"line":25,"column":25},"end":{"line":25,"column":39}},"type":"default-arg","locations":[{"start":{"line":25,"column":34},"end":{"line":25,"column":39}}],"line":25},"1":{"loc":{"start":{"line":38,"column":20},"end":{"line":38,"column":30}},"type":"binary-expr","locations":[{"start":{"line":38,"column":20},"end":{"line":38,"column":25}},{"start":{"line":38,"column":29},"end":{"line":38,"column":30}}],"line":38},"2":{"loc":{"start":{"line":60,"column":4},"end":{"line":60,"column":65}},"type":"cond-expr","locations":[{"start":{"line":60,"column":12},"end":{"line":60,"column":58}},{"start":{"line":60,"column":61},"end":{"line":60,"column":65}}],"line":60},"3":{"loc":{"start":{"line":80,"column":9},"end":{"line":106,"column":9}},"type":"binary-expr","locations":[{"start":{"line":80,"column":9},"end":{"line":80,"column":31}},{"start":{"line":81,"column":10},"end":{"line":105,"column":17}}],"line":80},"4":{"loc":{"start":{"line":110,"column":11},"end":{"line":110,"column":56}},"type":"binary-expr","locations":[{"start":{"line":110,"column":11},"end":{"line":110,"column":23}},{"start":{"line":110,"column":27},"end":{"line":110,"column":56}}],"line":110}},"s":{"0":0,"1":0,"2":0,"3":0,"4":0,"5":0,"6":0,"7":0,"8":0,"9":0,"10":0,"11":0,"12":0,"13":0,"14":0,"15":0,"16":0,"17":0,"18":0,"19":0,"20":0,"21":0,"22":0,"23":0,"24":0,"25":0,"26":0,"27":0,"28":0},"f":{"0":0,"1":0,"2":0,"3":0,"4":0,"5":0,"6":0,"7":0,"8":0},"b":{"0":[0],"1":[0,0],"2":[0,0],"3":[0,0],"4":[0,0]}}
,"/Users/giancarlosanchez/dappify/marketplace-ui/src/components/ModalSale/index.js": {"path":"/Users/giancarlosanchez/dappify/marketplace-ui/src/components/ModalSale/index.js","statementMap":{"0":{"start":{"line":32,"column":18},"end":{"line":220,"column":1}},"1":{"start":{"line":33,"column":19},"end":{"line":33,"column":32}},"2":{"start":{"line":34,"column":50},"end":{"line":34,"column":60}},"3":{"start":{"line":35,"column":23},"end":{"line":35,"column":58}},"4":{"start":{"line":36,"column":20},"end":{"line":36,"column":40}},"5":{"start":{"line":37,"column":42},"end":{"line":37,"column":68}},"6":{"start":{"line":38,"column":18},"end":{"line":38,"column":59}},"7":{"start":{"line":39,"column":20},"end":{"line":39,"column":59}},"8":{"start":{"line":40,"column":17},"end":{"line":40,"column":33}},"9":{"start":{"line":41,"column":23},"end":{"line":41,"column":79}},"10":{"start":{"line":43,"column":30},"end":{"line":43,"column":40}},"11":{"start":{"line":44,"column":34},"end":{"line":44,"column":45}},"12":{"start":{"line":46,"column":19},"end":{"line":46,"column":65}},"13":{"start":{"line":46,"column":25},"end":{"line":46,"column":65}},"14":{"start":{"line":48,"column":2},"end":{"line":52,"column":37}},"15":{"start":{"line":49,"column":26},"end":{"line":49,"column":64}},"16":{"start":{"line":50,"column":4},"end":{"line":50,"column":28}},"17":{"start":{"line":54,"column":2},"end":{"line":58,"column":24}},"18":{"start":{"line":55,"column":4},"end":{"line":57,"column":5}},"19":{"start":{"line":56,"column":6},"end":{"line":56,"column":34}},"20":{"start":{"line":60,"column":23},"end":{"line":62,"column":3}},"21":{"start":{"line":61,"column":4},"end":{"line":61,"column":68}},"22":{"start":{"line":64,"column":22},"end":{"line":71,"column":3}},"23":{"start":{"line":65,"column":4},"end":{"line":65,"column":65}},"24":{"start":{"line":66,"column":4},"end":{"line":66,"column":32}},"25":{"start":{"line":67,"column":4},"end":{"line":67,"column":34}},"26":{"start":{"line":68,"column":4},"end":{"line":68,"column":32}},"27":{"start":{"line":69,"column":4},"end":{"line":69,"column":18}},"28":{"start":{"line":70,"column":4},"end":{"line":70,"column":13}},"29":{"start":{"line":73,"column":29},"end":{"line":73,"column":73}},"30":{"start":{"line":73,"column":36},"end":{"line":73,"column":73}},"31":{"start":{"line":75,"column":31},"end":{"line":77,"column":3}},"32":{"start":{"line":76,"column":4},"end":{"line":76,"column":39}},"33":{"start":{"line":79,"column":2},"end":{"line":219,"column":3}},"34":{"start":{"line":153,"column":30},"end":{"line":153,"column":54}},"35":{"start":{"line":154,"column":20},"end":{"line":154,"column":62}},"36":{"start":{"line":154,"column":44},"end":{"line":154,"column":62}},"37":{"start":{"line":155,"column":20},"end":{"line":155,"column":36}},"38":{"start":{"line":197,"column":22},"end":{"line":199,"column":33}}},"fnMap":{"0":{"name":"(anonymous_0)","decl":{"start":{"line":32,"column":18},"end":{"line":32,"column":19}},"loc":{"start":{"line":32,"column":66},"end":{"line":220,"column":1}},"line":32},"1":{"name":"(anonymous_1)","decl":{"start":{"line":46,"column":19},"end":{"line":46,"column":20}},"loc":{"start":{"line":46,"column":25},"end":{"line":46,"column":65}},"line":46},"2":{"name":"(anonymous_2)","decl":{"start":{"line":48,"column":12},"end":{"line":48,"column":13}},"loc":{"start":{"line":48,"column":18},"end":{"line":52,"column":3}},"line":48},"3":{"name":"(anonymous_3)","decl":{"start":{"line":54,"column":12},"end":{"line":54,"column":13}},"loc":{"start":{"line":54,"column":18},"end":{"line":58,"column":3}},"line":54},"4":{"name":"(anonymous_4)","decl":{"start":{"line":55,"column":11},"end":{"line":55,"column":12}},"loc":{"start":{"line":55,"column":23},"end":{"line":57,"column":5}},"line":55},"5":{"name":"(anonymous_5)","decl":{"start":{"line":60,"column":23},"end":{"line":60,"column":24}},"loc":{"start":{"line":60,"column":35},"end":{"line":62,"column":3}},"line":60},"6":{"name":"(anonymous_6)","decl":{"start":{"line":64,"column":22},"end":{"line":64,"column":23}},"loc":{"start":{"line":64,"column":34},"end":{"line":71,"column":3}},"line":64},"7":{"name":"(anonymous_7)","decl":{"start":{"line":73,"column":29},"end":{"line":73,"column":30}},"loc":{"start":{"line":73,"column":36},"end":{"line":73,"column":73}},"line":73},"8":{"name":"(anonymous_8)","decl":{"start":{"line":75,"column":31},"end":{"line":75,"column":32}},"loc":{"start":{"line":75,"column":38},"end":{"line":77,"column":3}},"line":75},"9":{"name":"(anonymous_9)","decl":{"start":{"line":152,"column":28},"end":{"line":152,"column":29}},"loc":{"start":{"line":152,"column":35},"end":{"line":156,"column":19}},"line":152},"10":{"name":"(anonymous_10)","decl":{"start":{"line":196,"column":36},"end":{"line":196,"column":37}},"loc":{"start":{"line":197,"column":22},"end":{"line":199,"column":33}},"line":197}},"branchMap":{"0":{"loc":{"start":{"line":32,"column":21},"end":{"line":32,"column":35}},"type":"default-arg","locations":[{"start":{"line":32,"column":30},"end":{"line":32,"column":35}}],"line":32},"1":{"loc":{"start":{"line":40,"column":17},"end":{"line":40,"column":33}},"type":"binary-expr","locations":[{"start":{"line":40,"column":17},"end":{"line":40,"column":28}},{"start":{"line":40,"column":32},"end":{"line":40,"column":33}}],"line":40},"2":{"loc":{"start":{"line":49,"column":26},"end":{"line":49,"column":64}},"type":"cond-expr","locations":[{"start":{"line":49,"column":34},"end":{"line":49,"column":52}},{"start":{"line":49,"column":55},"end":{"line":49,"column":64}}],"line":49},"3":{"loc":{"start":{"line":154,"column":20},"end":{"line":154,"column":62}},"type":"if","locations":[{"start":{"line":154,"column":20},"end":{"line":154,"column":62}},{"start":{},"end":{}}],"line":154},"4":{"loc":{"start":{"line":183,"column":13},"end":{"line":204,"column":13}},"type":"binary-expr","locations":[{"start":{"line":183,"column":13},"end":{"line":183,"column":33}},{"start":{"line":184,"column":14},"end":{"line":203,"column":21}}],"line":183},"5":{"loc":{"start":{"line":205,"column":13},"end":{"line":205,"column":55}},"type":"binary-expr","locations":[{"start":{"line":205,"column":13},"end":{"line":205,"column":22}},{"start":{"line":205,"column":26},"end":{"line":205,"column":55}}],"line":205}},"s":{"0":0,"1":0,"2":0,"3":0,"4":0,"5":0,"6":0,"7":0,"8":0,"9":0,"10":0,"11":0,"12":0,"13":0,"14":0,"15":0,"16":0,"17":0,"18":0,"19":0,"20":0,"21":0,"22":0,"23":0,"24":0,"25":0,"26":0,"27":0,"28":0,"29":0,"30":0,"31":0,"32":0,"33":0,"34":0,"35":0,"36":0,"37":0,"38":0},"f":{"0":0,"1":0,"2":0,"3":0,"4":0,"5":0,"6":0,"7":0,"8":0,"9":0,"10":0},"b":{"0":[0],"1":[0,0],"2":[0,0],"3":[0,0],"4":[0,0],"5":[0,0]}}
,"/Users/giancarlosanchez/dappify/marketplace-ui/src/components/ModalWithdraw/index.js": {"path":"/Users/giancarlosanchez/dappify/marketplace-ui/src/components/ModalWithdraw/index.js","statementMap":{"0":{"start":{"line":24,"column":22},"end":{"line":79,"column":1}},"1":{"start":{"line":25,"column":19},"end":{"line":25,"column":32}},"2":{"start":{"line":26,"column":27},"end":{"line":26,"column":53}},"3":{"start":{"line":27,"column":24},"end":{"line":27,"column":63}},"4":{"start":{"line":28,"column":24},"end":{"line":28,"column":45}},"5":{"start":{"line":30,"column":2},"end":{"line":35,"column":24}},"6":{"start":{"line":31,"column":4},"end":{"line":31,"column":43}},"7":{"start":{"line":32,"column":4},"end":{"line":34,"column":5}},"8":{"start":{"line":33,"column":6},"end":{"line":33,"column":34}},"9":{"start":{"line":37,"column":23},"end":{"line":39,"column":3}},"10":{"start":{"line":38,"column":4},"end":{"line":38,"column":36}},"11":{"start":{"line":41,"column":22},"end":{"line":48,"column":3}},"12":{"start":{"line":42,"column":4},"end":{"line":42,"column":65}},"13":{"start":{"line":43,"column":4},"end":{"line":43,"column":32}},"14":{"start":{"line":44,"column":4},"end":{"line":44,"column":34}},"15":{"start":{"line":45,"column":4},"end":{"line":45,"column":32}},"16":{"start":{"line":46,"column":4},"end":{"line":46,"column":18}},"17":{"start":{"line":47,"column":4},"end":{"line":47,"column":13}},"18":{"start":{"line":50,"column":2},"end":{"line":78,"column":3}}},"fnMap":{"0":{"name":"(anonymous_0)","decl":{"start":{"line":24,"column":22},"end":{"line":24,"column":23}},"loc":{"start":{"line":24,"column":70},"end":{"line":79,"column":1}},"line":24},"1":{"name":"(anonymous_1)","decl":{"start":{"line":30,"column":12},"end":{"line":30,"column":13}},"loc":{"start":{"line":30,"column":18},"end":{"line":35,"column":3}},"line":30},"2":{"name":"(anonymous_2)","decl":{"start":{"line":32,"column":11},"end":{"line":32,"column":12}},"loc":{"start":{"line":32,"column":23},"end":{"line":34,"column":5}},"line":32},"3":{"name":"(anonymous_3)","decl":{"start":{"line":37,"column":23},"end":{"line":37,"column":24}},"loc":{"start":{"line":37,"column":35},"end":{"line":39,"column":3}},"line":37},"4":{"name":"(anonymous_4)","decl":{"start":{"line":41,"column":22},"end":{"line":41,"column":23}},"loc":{"start":{"line":41,"column":34},"end":{"line":48,"column":3}},"line":41}},"branchMap":{"0":{"loc":{"start":{"line":24,"column":25},"end":{"line":24,"column":39}},"type":"default-arg","locations":[{"start":{"line":24,"column":34},"end":{"line":24,"column":39}}],"line":24},"1":{"loc":{"start":{"line":64,"column":13},"end":{"line":64,"column":59}},"type":"binary-expr","locations":[{"start":{"line":64,"column":13},"end":{"line":64,"column":26}},{"start":{"line":64,"column":30},"end":{"line":64,"column":59}}],"line":64}},"s":{"0":0,"1":0,"2":0,"3":0,"4":0,"5":0,"6":0,"7":0,"8":0,"9":0,"10":0,"11":0,"12":0,"13":0,"14":0,"15":0,"16":0,"17":0,"18":0},"f":{"0":0,"1":0,"2":0,"3":0,"4":0},"b":{"0":[0],"1":[0,0]}}
,"/Users/giancarlosanchez/dappify/marketplace-ui/src/components/NFTCard/index.js": {"path":"/Users/giancarlosanchez/dappify/marketplace-ui/src/components/NFTCard/index.js","statementMap":{"0":{"start":{"line":8,"column":16},"end":{"line":77,"column":1}},"1":{"start":{"line":9,"column":28},"end":{"line":9,"column":75}},"2":{"start":{"line":10,"column":42},"end":{"line":10,"column":55}},"3":{"start":{"line":12,"column":2},"end":{"line":12,"column":18}},"4":{"start":{"line":13,"column":2},"end":{"line":33,"column":53}},"5":{"start":{"line":14,"column":25},"end":{"line":26,"column":5}},"6":{"start":{"line":16,"column":6},"end":{"line":25,"column":7}},"7":{"start":{"line":17,"column":8},"end":{"line":24,"column":9}},"8":{"start":{"line":18,"column":23},"end":{"line":18,"column":78}},"9":{"start":{"line":19,"column":23},"end":{"line":19,"column":40}},"10":{"start":{"line":20,"column":10},"end":{"line":20,"column":43}},"11":{"start":{"line":21,"column":10},"end":{"line":21,"column":37}},"12":{"start":{"line":23,"column":10},"end":{"line":23,"column":24}},"13":{"start":{"line":28,"column":4},"end":{"line":30,"column":5}},"14":{"start":{"line":29,"column":6},"end":{"line":29,"column":53}},"15":{"start":{"line":32,"column":4},"end":{"line":32,"column":18}},"16":{"start":{"line":35,"column":19},"end":{"line":53,"column":3}},"17":{"start":{"line":36,"column":34},"end":{"line":36,"column":49}},"18":{"start":{"line":38,"column":19},"end":{"line":38,"column":45}},"19":{"start":{"line":38,"column":25},"end":{"line":38,"column":45}},"20":{"start":{"line":40,"column":4},"end":{"line":42,"column":17}},"21":{"start":{"line":41,"column":6},"end":{"line":41,"column":44}},"22":{"start":{"line":44,"column":4},"end":{"line":50,"column":10}},"23":{"start":{"line":45,"column":6},"end":{"line":45,"column":62}},"24":{"start":{"line":45,"column":44},"end":{"line":45,"column":61}},"25":{"start":{"line":46,"column":6},"end":{"line":49,"column":7}},"26":{"start":{"line":47,"column":8},"end":{"line":47,"column":67}},"27":{"start":{"line":47,"column":49},"end":{"line":47,"column":66}},"28":{"start":{"line":48,"column":8},"end":{"line":48,"column":21}},"29":{"start":{"line":52,"column":4},"end":{"line":52,"column":28}},"30":{"start":{"line":55,"column":28},"end":{"line":55,"column":38}},"31":{"start":{"line":57,"column":22},"end":{"line":64,"column":3}},"32":{"start":{"line":66,"column":2},"end":{"line":76,"column":3}}},"fnMap":{"0":{"name":"(anonymous_0)","decl":{"start":{"line":8,"column":16},"end":{"line":8,"column":17}},"loc":{"start":{"line":8,"column":32},"end":{"line":77,"column":1}},"line":8},"1":{"name":"(anonymous_1)","decl":{"start":{"line":13,"column":12},"end":{"line":13,"column":13}},"loc":{"start":{"line":13,"column":18},"end":{"line":33,"column":3}},"line":13},"2":{"name":"(anonymous_2)","decl":{"start":{"line":14,"column":25},"end":{"line":14,"column":26}},"loc":{"start":{"line":14,"column":37},"end":{"line":26,"column":5}},"line":14},"3":{"name":"(anonymous_3)","decl":{"start":{"line":35,"column":19},"end":{"line":35,"column":20}},"loc":{"start":{"line":35,"column":25},"end":{"line":53,"column":3}},"line":35},"4":{"name":"(anonymous_4)","decl":{"start":{"line":38,"column":19},"end":{"line":38,"column":20}},"loc":{"start":{"line":38,"column":25},"end":{"line":38,"column":45}},"line":38},"5":{"name":"(anonymous_5)","decl":{"start":{"line":40,"column":14},"end":{"line":40,"column":15}},"loc":{"start":{"line":40,"column":20},"end":{"line":42,"column":5}},"line":40},"6":{"name":"(anonymous_6)","decl":{"start":{"line":44,"column":14},"end":{"line":44,"column":15}},"loc":{"start":{"line":44,"column":20},"end":{"line":50,"column":5}},"line":44},"7":{"name":"(anonymous_7)","decl":{"start":{"line":45,"column":38},"end":{"line":45,"column":39}},"loc":{"start":{"line":45,"column":44},"end":{"line":45,"column":61}},"line":45},"8":{"name":"(anonymous_8)","decl":{"start":{"line":46,"column":13},"end":{"line":46,"column":14}},"loc":{"start":{"line":46,"column":19},"end":{"line":49,"column":7}},"line":46},"9":{"nam
[...]
n":15},"end":{"line":74,"column":1}},"2":{"start":{"line":18,"column":2},"end":{"line":73,"column":3}},"3":{"start":{"line":20,"column":6},"end":{"line":23,"column":7}},"4":{"start":{"line":25,"column":6},"end":{"line":28,"column":7}},"5":{"start":{"line":30,"column":6},"end":{"line":30,"column":64}},"6":{"start":{"line":33,"column":6},"end":{"line":36,"column":7}},"7":{"start":{"line":38,"column":6},"end":{"line":41,"column":7}},"8":{"start":{"line":43,"column":6},"end":{"line":43,"column":64}},"9":{"start":{"line":46,"column":6},"end":{"line":49,"column":7}},"10":{"start":{"line":51,"column":6},"end":{"line":54,"column":7}},"11":{"start":{"line":56,"column":6},"end":{"line":56,"column":72}},"12":{"start":{"line":59,"column":6},"end":{"line":62,"column":7}},"13":{"start":{"line":64,"column":6},"end":{"line":67,"column":7}},"14":{"start":{"line":69,"column":6},"end":{"line":69,"column":70}},"15":{"start":{"line":72,"column":6},"end":{"line":72,"column":18}}},"fnMap":{"0":{"name":"(anonymous_0)","decl":{"start":{"line":17,"column":15},"end":{"line":17,"column":16}},"loc":{"start":{"line":17,"column":49},"end":{"line":74,"column":1}},"line":17}},"branchMap":{"0":{"loc":{"start":{"line":17,"column":16},"end":{"line":17,"column":36}},"type":"default-arg","locations":[{"start":{"line":17,"column":24},"end":{"line":17,"column":36}}],"line":17},"1":{"loc":{"start":{"line":18,"column":2},"end":{"line":73,"column":3}},"type":"switch","locations":[{"start":{"line":19,"column":4},"end":{"line":23,"column":7}},{"start":{"line":24,"column":4},"end":{"line":28,"column":7}},{"start":{"line":29,"column":4},"end":{"line":30,"column":64}},{"start":{"line":32,"column":4},"end":{"line":36,"column":7}},{"start":{"line":37,"column":4},"end":{"line":41,"column":7}},{"start":{"line":42,"column":4},"end":{"line":43,"column":64}},{"start":{"line":45,"column":4},"end":{"line":49,"column":7}},{"start":{"line":50,"column":4},"end":{"line":54,"column":7}},{"start":{"line":55,"column":4},"end":{"line":56,"column":72}},{"start":{"line":58,"column":4},"end":{"line":62,"column":7}},{"start":{"line":63,"column":4},"end":{"line":67,"column":7}},{"start":{"line":68,"column":4},"end":{"line":69,"column":70}},{"start":{"line":71,"column":4},"end":{"line":72,"column":18}}],"line":18}},"s":{"0":0,"1":0,"2":0,"3":0,"4":0,"5":0,"6":0,"7":0,"8":0,"9":0,"10":0,"11":0,"12":0,"13":0,"14":0,"15":0},"f":{"0":0},"b":{"0":[0],"1":[0,0,0,0,0,0,0,0,0,0,0,0,0]}}
,"/Users/giancarlosanchez/dappify/marketplace-ui/src/store/selectors/index.js": {"path":"/Users/giancarlosanchez/dappify/marketplace-ui/src/store/selectors/index.js","statementMap":{"0":{"start":{"line":4,"column":33},"end":{"line":4,"column":66}},"1":{"start":{"line":4,"column":44},"end":{"line":4,"column":66}},"2":{"start":{"line":5,"column":32},"end":{"line":5,"column":64}},"3":{"start":{"line":5,"column":43},"end":{"line":5,"column":64}},"4":{"start":{"line":6,"column":30},"end":{"line":6,"column":60}},"5":{"start":{"line":6,"column":41},"end":{"line":6,"column":60}},"6":{"start":{"line":7,"column":34},"end":{"line":7,"column":73}},"7":{"start":{"line":7,"column":45},"end":{"line":7,"column":73}},"8":{"start":{"line":8,"column":28},"end":{"line":8,"column":61}},"9":{"start":{"line":8,"column":39},"end":{"line":8,"column":61}},"10":{"start":{"line":9,"column":24},"end":{"line":9,"column":53}},"11":{"start":{"line":9,"column":35},"end":{"line":9,"column":53}},"12":{"start":{"line":10,"column":27},"end":{"line":10,"column":59}},"13":{"start":{"line":10,"column":38},"end":{"line":10,"column":59}},"14":{"start":{"line":11,"column":25},"end":{"line":11,"column":50}},"15":{"start":{"line":11,"column":36},"end":{"line":11,"column":50}},"16":{"start":{"line":12,"column":35},"end":{"line":12,"column":78}},"17":{"start":{"line":12,"column":46},"end":{"line":12,"column":78}},"18":{"start":{"line":13,"column":34},"end":{"line":13,"column":76}},"19":{"start":{"line":13,"column":45},"end":{"line":13,"column":76}},"20":{"start":{"line":14,"column":31},"end":{"line":14,"column":70}},"21":{"start":{"line":14,"column":42},"end":{"line":14,"column":70}},"22":{"start":{"line":15,"column":41},"end":{"line":16,"column":33}},"23":{"start":{"line":16,"column":2},"end":{"line":16,"column":33}},"24":{"start":{"line":17,"column":32},"end":{"line":17,"column":61}},"25":{"start":{"line":17,"column":43},"end":{"line":17,"column":61}},"26":{"start":{"line":18,"column":32},"end":{"line":18,"column":61}},"27":{"start":{"line":18,"column":43},"end":{"line":18,"column":61}},"28":{"start":{"line":19,"column":28},"end":{"line":19,"column":61}},"29":{"start":{"line":19,"column":39},"end":{"line":19,"column":61}},"30":{"start":{"line":20,"column":28},"end":{"line":20,"column":61}},"31":{"start":{"line":20,"column":39},"end":{"line":20,"column":61}},"32":{"start":{"line":22,"column":33},"end":{"line":22,"column":68}},"33":{"start":{"line":22,"column":44},"end":{"line":22,"column":68}},"34":{"start":{"line":25,"column":27},"end":{"line":25,"column":54}},"35":{"start":{"line":25,"column":38},"end":{"line":25,"column":54}},"36":{"start":{"line":26,"column":35},"end":{"line":26,"column":66}},"37":{"start":{"line":26,"column":46},"end":{"line":26,"column":66}},"38":{"start":{"line":27,"column":32},"end":{"line":27,"column":62}},"39":{"start":{"line":27,"column":43},"end":{"line":27,"column":62}},"40":{"start":{"line":30,"column":26},"end":{"line":30,"column":58}},"41":{"start":{"line":30,"column":37},"end":{"line":30,"column":58}},"42":{"start":{"line":31,"column":32},"end":{"line":31,"column":66}},"43":{"start":{"line":31,"column":43},"end":{"line":31,"column":66}},"44":{"start":{"line":32,"column":25},"end":{"line":32,"column":52}},"45":{"start":{"line":32,"column":36},"end":{"line":32,"column":52}},"46":{"start":{"line":33,"column":29},"end":{"line":33,"column":60}},"47":{"start":{"line":33,"column":40},"end":{"line":33,"column":60}},"48":{"start":{"line":36,"column":25},"end":{"line":42,"column":1}},"49":{"start":{"line":37,"column":2},"end":{"line":41,"column":3}},"50":{"start":{"line":44,"column":25},"end":{"line":46,"column":1}},"51":{"start":{"line":45,"column":2},"end":{"line":45,"column":43}},"52":{"start":{"line":48,"column":23},"end":{"line":51,"column":1}},"53":{"start":{"line":49,"column":2},"end":{"line":49,"column":76}},"54":{"start":{"line":49,"column":41},"end":{"line":49,"column":76}},"55":{"start":{"line":50,"column":2},"end":{"line":50,"column":76}},"56":{"start":{"line":50,"column":41},"end":{"line":50,"column":76}},"57":{"start":{"line":53,"column":29},"end":{"line":59,"column":2}},"58":{"start":{"line":54,"column":2},"end":{"line":56,"column":3}},"59":{"start":{"line":55,"column":4},"end":{"line":55,"column":13}},"60":{"start":{"line":57,"column":20},"end":{"line":57,"column":61}},"61":{"start":{"line":57,"column":46},"end":{"line":57,"column":60}},"62":{"start":{"line":58,"column":2},"end":{"line":58,"column":18}},"63":{"start":{"line":61,"column":25},"end":{"line":67,"column":2}},"64":{"start":{"line":62,"column":25},"end":{"line":62,"column":57}},"65":{"start":{"line":63,"column":21},"end":{"line":63,"column":49}},"66":{"start":{"line":64,"column":24},"end":{"line":64,"column":55}},"67":{"start":{"line":65,"column":26},"end":{"line":65,"column":59}},"68":{"start":{"line":66,"column":23},"end":{"line":66,"column":51}},"69":{"start":{"line":69,"column":24},"end":{"line":99,"column":1}},"70":{"start":{"line":73,"column":19},"end":{"line":73,"column":23}},"71":{"start":{"line":74,"column":69},"end":{"line":74,"column":76}},"72":{"start":{"line":76,"column":4},"end":{"line":78,"column":5}},"73":{"start":{"line":77,"column":6},"end":{"line":77,"column":15}},"74":{"start":{"line":80,"column":4},"end":{"line":82,"column":5}},"75":{"start":{"line":81,"column":6},"end":{"line":81,"column":63}},"76":{"start":{"line":81,"column":34},"end":{"line":81,"column":62}},"77":{"start":{"line":83,"column":4},"end":{"line":85,"column":5}},"78":{"start":{"line":84,"column":6},"end":{"line":84,"column":57}},"79":{"start":{"line":84,"column":34},"end":{"line":84,"column":56}},"80":{"start":{"line":86,"column":4},"end":{"line":88,"column":5}},"81":{"start":{"line":87,"column":6},"end":{"line":87,"column":63}},"82":{"start":{"line":87,"column":34},"end":{"line":87,"column":62}},"83":{"start":{"line":89,"column":4},"end":{"line":91,"column":5}},"84":{"start":{"line":90,"column":6},"end":{"line":90,"column":67}},"85":{"start":{"line":90,"column":34},"end":{"line":90,"column":66}},"86":{"start":{"line":92,"column":4},"end":{"line":95,"column":5}},"87":{"start":{"line":93,"column":22},"end":{"line":93,"column":60}},"88":{"start":{"line":94,"column":6},"end":{"line":94,"column":59}},"89":{"start":{"line":94,"column":34},"end":{"line":94,"column":58}},"90":{"start":{"line":97,"column":4},"end":{"line":97,"column":15}}},"fnMap":{"0":{"name":"(anonymous_0)","decl":{"start":{"line":4,"column":33},"end":{"line":4,"column":34}},"loc":{"start":{"line":4,"column":44},"end":{"line":4,"column":66}},"line":4},"1":{"name":"(anonymous_1)","decl":{"start":{"line":5,"column":32},"end":{"line":5,"column":33}},"loc":{"start":{"line":5,"column":43},"end":{"line":5,"column":64}},"line":5},"2":{"name":"(anonymous_2)","decl":{"start":{"line":6,"column":30},"end":{"line":6,"column":31}},"loc":{"start":{"line":6,"column":41},"end":{"line":6,"column":60}},"line":6},"3":{"name":"(anonymous_3)","decl":{"start":{"line":7,"column":34},"end":{"line":7,"column":35}},"loc":{"start":{"line":7,"column":45},"end":{"line":7,"column":73}},"line":7},"4":{"name":"(anonymous_4)","decl":{"start":{"line":8,"column":28},"end":{"line":8,"column":29}},"loc":{"start":{"line":8,"column":39},"end":{"line":8,"column":61}},"line":8},"5":{"name":"(anonymous_5)","decl":{"start":{"line":9,"column":24},"end":{"line":9,"column":25}},"loc":{"start":{"line":9,"column":35},"end":{"line":9,"column":53}},"line":9},"6":{"name":"(anonymous_6)","decl":{"start":{"line":10,"column":27},"end":{"line":10,"column":28}},"loc":{"start":{"line":10,"column":38},"end":{"line":10,"column":59}},"line":10},"7":{"name":"(anonymous_7)","decl":{"start":{"line":11,"column":25},"end":{"line":11,"column":26}},"loc":{"start":{"line":11,"column":36},"end":{"line":11,"column":50}},"line":11},"8":{"name":"(anonymous_8)","decl":{"start":{"line":12,"column":35},"end":{"line":12,"column":36}},"loc":{"start":{"line":12,"column":46},"end":{"line":12,"column":78}},"line":12},"9":{"name":"(anonymous_9)","decl":{"start":{"line":13,"column":34},"end":{"line":13,"column":35}},"loc":{"start":{"line":13,"column":45},"end":{"line":13,"column":76}},"line":13},"10":{"name":"(anonymous_10)","decl":{"start":{"line":14,"column":31},"end":{"line":14,"column":32}},"loc":{"start":{"line":14,"column":42},"end":{"line":14,"column":70}},"line":14},"11":{"name":"(anonymous_11)","decl":{"start":{"line":15,"column":41},"end":{"line":15,"column":42}},"loc":{"start":{"line":16,"column":2},"end":{"line":16,"column":33}},"line":16},"12":{"name":"(anonymous_12)","decl":{"start":{"line":17,"column":32},"end":{"line":17,"column":33}},"loc":{"start":{"line":17,"column":43},"end":{"line":17,"column":61}},"line":17},"13":{"name":"(anonymous_13)","decl":{"start":{"line":18,"column":32},"end":{"line":18,"column":33}},"loc":{"start":{"line":18,"column":43},"end":{"line":18,"column":61}},"line":18},"14":{"name":"(anonymous_14)","decl":{"start":{"line":19,"column":28},"end":{"line":19,"column":29}},"loc":{"start":{"line":19,"column":39},"end":{"line":19,"column":61}},"line":19},"15":{"name":"(anonymous_15)","decl":{"start":{"line":20,"column":28},"end":{"line":20,"column":29}},"loc":{"start":{"line":20,"column":39},"end":{"line":20,"column":61}},"line":20},"16":{"name":"(anonymous_16)","decl":{"start":{"line":22,"column":33},"end":{"line":22,"column":34}},"loc":{"start":{"line":22,"column":44},"end":{"line":22,"column":68}},"line":22},"17":{"name":"(anonymous_17)","decl":{"start":{"line":25,"column":27},"end":{"line":25,"column":28}},"loc":{"start":{"line":25,"column":38},"end":{"line":25,"column":54}},"line":25},"18":{"name":"(anonymous_18)","decl":{"start":{"line":26,"column":35},"end":{"line":26,"column":36}},"loc":{"start":{"line":26,"column":46},"end":{"line":26,"column":66}},"line":26},"19":{"name":"(anonymous_19)","decl":{"start":{"line":27,"column":32},"end":{"line":27,"column":33}},"loc":{"start":{"line":27,"column":43},"end":{"line":27,"column":62}},"line":27},"20":{"name":"(anonymous_20)","decl":{"start":{"line":30,"column":26},"end":{"line":30,"column":27}},"loc":{"start":{"line":30,"column":37},"end":{"line":30,"column":58}},"line":30},"21":{"name":"(anonymous_21)","decl":{"start":{"line":31,"column":32},"end":{"line":31,"column":33}},"loc":{"start":{"line":31,"column":43},"end":{"line":31,"column":66}},"line":31},"22":{"name":"(anonymous_22)","decl":{"start":{"line":32,"column":25},"end":{"line":32,"column":26}},"loc":{"start":{"line":32,"column":36},"end":{"line":32,"column":52}},"line":32},"23":{"name":"(anonymous_23)","decl":{"start":{"line":33,"column":29},"end":{"line":33,"column":30}},"loc":{"start":{"line":33,"column":40},"end":{"line":33,"column":60}},"line":33},"24":{"name":"(anonymous_24)","decl":{"start":{"line":36,"column":25},"end":{"line":36,"column":26}},"loc":{"start":{"line":36,"column":36},"end":{"line":42,"column":1}},"line":36},"25":{"name":"(anonymous_25)","decl":{"start":{"line":44,"column":25},"end":{"line":44,"column":26}},"loc":{"start":{"line":44,"column":36},"end":{"line":46,"column":1}},"line":44},"26":{"name":"(anonymous_26)","decl":{"start":{"line":48,"column":23},"end":{"line":48,"column":24}},"loc":{"start":{"line":48,"column":34},"end":{"line":51,"column":1}},"line":48},"27":{"name":"(anonymous_27)","decl":{"start":{"line":53,"column":63},"end":{"line":53,"column":64}},"loc":{"start":{"line":53,"column":73},"end":{"line":59,"column":1}},"line":53},"28":{"name":"(anonymous_28)","decl":{"start":{"line":57,"column":37},"end":{"line":57,"column":38}},"loc":{"start":{"line":57,"column":46},"end":{"line":57,"column":60}},"line":57},"29":{"name":"(anonymous_29)","decl":{"start":{"line":62,"column":14},"end":{"line":62,"column":15}},"loc":{"start":{"line":62,"column":25},"end":{"line":62,"column":57}},"line":62},"30":{"name":"(anonymous_30)","decl":{"start":{"line":63,"column":10},"end":{"line":63,"column":11}},"loc":{"start":{"line":63,"column":21},"end":{"line":63,"column":49}},"line":63},"31":{"name":"(anonymous_31)","decl":{"start":{"line":64,"column":13},"end":{"line":64,"column":14}},"loc":{"start":{"line":64,"column":24},"end":{"line":64,"column":55}},"line":64},"32":{"name":"(anonymous_32)","decl":{"start":{"line":65,"column":15},"end":{"line":65,"column":16}},"loc":{"start":{"line":65,"column":26},"end":{"line":65,"column":59}},"line":65},"33":{"name":"(anonymous_33)","decl":{"start":{"line":66,"column":12},"end":{"line":66,"column":13}},"loc":{"start":{"line":66,"column":23},"end":{"line":66,"column":51}},"line":66},"34":{"name":"(anonymous_34)","decl":{"start":{"line":72,"column":2},"end":{"line":72,"column":3}},"loc":{"start":{"line":72,"column":21},"end":{"line":98,"column":3}},"line":72},"35":{"name":"(anonymous_35)","decl":{"start":{"line":81,"column":25},"end":{"line":81,"column":26}},"loc":{"start":{"line":81,"column":34},"end":{"line":81,"column":62}},"line":81},"36":{"name":"(anonymous_36)","decl":{"start":{"line":84,"column":25},"end":{"line":84,"column":26}},"loc":{"start":{"line":84,"column":34},"end":{"line":84,"column":56}},"line":84},"37":{"name":"(anonymous_37)","decl":{"start":{"line":87,"column":25},"end":{"line":87,"column":26}},"loc":{"start":{"line":87,"column":34},"end":{"line":87,"column":62}},"line":87},"38":{"name":"(anonymous_38)","decl":{"start":{"line":90,"column":25},"end":{"line":90,"column":26}},"loc":{"start":{"line":90,"column":34},"end":{"line":90,"column":66}},"line":90},"39":{"name":"(anonymous_39)","decl":{"start":{"line":94,"column":25},"end":{"line":94,"column":26}},"loc":{"start":{"line":94,"column":34},"end":{"line":94,"column":58}},"line":94}},"branchMap":{"0":{"loc":{"start":{"line":38,"column":4},"end":{"line":40,"column":28}},"type":"binary-expr","locations":[{"start":{"line":38,"column":4},"end":{"line":38,"column":34}},{"start":{"line":39,"column":4},"end":{"line":39,"column":26}},{"start":{"line":40,"column":4},"end":{"line":40,"column":28}}],"line":38},"1":{"loc":{"start":{"line":49,"column":2},"end":{"line":49,"column":76}},"type":"if","locations":[{"start":{"line":49,"column":2},"end":{"line":49,"column":76}},{"start":{},"end":{}}],"line":49},"2":{"loc":{"start":{"line":50,"column":2},"end":{"line":50,"column":76}},"type":"if","locations":[{"start":{"line":50,"column":2},"end":{"line":50,"column":76}},{"start":{},"end":{}}],"line":50},"3":{"loc":{"start":{"line":54,"column":2},"end":{"line":56,"column":3}},"type":"if","locations":[{"start":{"line":54,"column":2},"end":{"line":56,"column":3}},{"start":{},"end":{}}],"line":54},"4":{"loc":{"start":{"line":76,"column":4},"end":{"line":78,"column":5}},"type":"if","locations":[{"start":{"line":76,"column":4},"end":{"line":78,"column":5}},{"start":{},"end":{}}],"line":76},"5":{"loc":{"start":{"line":80,"column":4},"end":{"line":82,"column":5}},"type":"if","locations":[{"start":{"line":80,"column":4},"end":{"line":82,"column":5}},{"start":{},"end":{}}],"line":80},"6":{"loc":{"start":{"line":83,"column":4},"end":{"line":85,"column":5}},"type":"if","locations":[{"start":{"line":83,"column":4},"end":{"line":85,"column":5}},{"start":{},"end":{}}],"line":83},"7":{"loc":{"start":{"line":86,"column":4},"end":{"line":88,"column":5}},"type":"if","locations":[{"start":{"line":86,"column":4},"end":{"line":88,"column":5}},{"start":{},"end":{}}],"line":86},"8":{"loc":{"start":{"line":89,"column":4},"end":{"line":91,"column":5}},"type":"if","locations":[{"start":{"line":89,"column":4},"end":{"line":91,"column":5}},{"start":{},"end":{}}],"line":89},"9":{"loc":{"start":{"line":92,"column":4},"end":{"line":95,"column":5}},"type":"if","locations":[{"start":{"line":92,"column":4},"end":{"line":95,"column":5}},{"start":{},"end":{}}],"line":92}},"s":{"0":0,"1":0,"2":0,"3":0,"4":0,"5":0,"6":0,"7":0,"8":0,"9":0,"10":0,"11":0,"12":0,"13":0,"14":0,"15":0,"16":0,"17":0,"18":0,"19":0,"20":0,"21":0,"22":0,"23":0,"24":0,"25":0,"26":0,"27":0,"28":0,"29":0,"30":0,"31":0,"32":0,"33":0,"34":0,"35":0,"36":0,"37":0,"38":0,"39":0,"40":0,"41":0,"42":0,"43":0,"44":0,"45":0,"46":0,"47":0,"48":0,"49":0,"50":0,"51":0,"52":0,"53":0,"54":0,"55":0,"56":0,"57":0,"58":0,"59":0,"60":0,"61":0,"62":0,"63":0,"64":0,"65":0,"66":0,"67":0,"68":0,"69":0,"70":0,"71":0,"72":0,"73":0,"74":0,"75":0,"76":0,"77":0,"78":0,"79":0,"80":0,"81":0,"82":0,"83":0,"84":0,"85":0,"86":0,"87":0,"88":0,"89":0,"90":0},"f":{"0":0,"1":0,"2":0,"3":0,"4":0,"5":0,"6":0,"7":0,"8":0,"9":0,"10":0,"11":0,"12":0,"13":0,"14":0,"15":0,"16":0,"17":0,"18":0,"19":0,"20":0,"21":0,"22":0,"23":0,"24":0,"25":0,"26":0,"27":0,"28":0,"29":0,"30":0,"31":0,"32":0,"33":0,"34":0,"35":0,"36":0,"37":0,"38":0,"39":0},"b":{"0":[0,0,0],"1":[0,0],"2":[0,0],"3":[0,0],"4":[0,0],"5":[0,0],"6":[0,0],"7":[0,0],"8":[0,0],"9":[0,0]}}
,"/Users/giancarlosanchez/dappify/marketplace-ui/src/utils/format.js": {"path":"/Users/giancarlosanchez/dappify/marketplace-ui/src/utils/format.js","statementMap":{"0":{"start":{"line":3,"column":27},"end":{"line":5,"column":1}},"1":{"start":{"line":4,"column":2},"end":{"line":4,"column":23}}},"fnMap":{"0":{"name":"(anonymous_0)","decl":{"start":{"line":3,"column":27},"end":{"line":3,"column":28}},"loc":{"start":{"line":3,"column":43},"end":{"line":5,"column":1}},"line":3}},"branchMap":{"0":{"loc":{"start":{"line":3,"column":28},"end":{"line":3,"column":38}},"type":"default-arg","locations":[{"start":{"line":3,"column":36},"end":{"line":3,"column":38}}],"line":3}},"s":{"0":1,"1":8},"f":{"0":8},"b":{"0":[2]},"_coverageSchema":"1a1c01bbd47fc00a2c39e90264f33305004495a9","hash":"38e80e2ead3e42f88c4a81340943a090d18c6f55"}
}
